Log file open, 07/07/24 18:57:22
LogWindows: Failed to load 'aqProf.dll' (GetLastError=126)
LogWindows: File 'aqProf.dll' does not exist
LogWindows: Failed to load 'VtuneApi.dll' (GetLastError=126)
LogWindows: File 'VtuneApi.dll' does not exist
LogWindows: Failed to load 'VtuneApi32e.dll' (GetLastError=126)
LogWindows: File 'VtuneApi32e.dll' does not exist
LogConsoleResponse: Display: Failed to find resolution value strings in scalability ini. Falling back to default.
LogConsoleResponse: Display: Failed to find resolution value strings in scalability ini. Falling back to default.
LogInit: Display: Running engine for game: KingdomArmy
LogPlatformFile: Not using cached read wrapper
LogTaskGraph: Started task graph with 5 named threads and 47 total threads with 3 sets of task threads.
LogStats: Stats thread started at 0.335228
LogICUInternationalization: ICU TimeZone Detection - Raw Offset: +5:30, Platform Override: ''
LogInit: Display: Loading text-based GConfig....
LogPluginManager: Mounting plugin MeshPainting
LogPluginManager: Mounting plugin XGEController
LogPluginManager: Mounting plugin Paper2D
LogPluginManager: Mounting plugin AISupport
LogPluginManager: Mounting plugin EnvironmentQueryEditor
LogPluginManager: Mounting plugin LiveLink
LogPluginManager: Mounting plugin CameraShakePreviewer
LogPluginManager: Mounting plugin GameplayCameras
LogPluginManager: Mounting plugin LightPropagationVolume
LogPluginManager: Mounting plugin AnimationSharing
LogPluginManager: Mounting plugin OodleData
LogPluginManager: Mounting plugin CLionSourceCodeAccess
LogPluginManager: Mounting plugin GitSourceControl
LogPluginManager: Mounting plugin KDevelopSourceCodeAccess
LogPluginManager: Mounting plugin NullSourceCodeAccess
LogPluginManager: Mounting plugin OodleNetwork
LogPluginManager: Mounting plugin CodeLiteSourceCodeAccess
LogPluginManager: Mounting plugin PerforceSourceControl
LogPluginManager: Mounting plugin PixWinPlugin
LogPluginManager: Mounting plugin PluginUtils
LogPluginManager: Mounting plugin SubversionSourceControl
LogPluginManager: Mounting plugin PlasticSourceControl
LogPluginManager: Mounting plugin RiderSourceCodeAccess
LogPluginManager: Mounting plugin TextureFormatOodle
LogPluginManager: Mounting plugin UObjectPlugin
LogPluginManager: Mounting plugin PropertyAccessNode
LogPluginManager: Mounting plugin DatasmithContent
LogPluginManager: Mounting plugin VariantManagerContent
LogPluginManager: Mounting plugin XCodeSourceCodeAccess
LogPluginManager: Mounting plugin AssetManagerEditor
LogPluginManager: Mounting plugin VisualStudioCodeSourceCodeAccess
LogPluginManager: Mounting plugin VisualStudioSourceCodeAccess
LogPluginManager: Mounting plugin AutomationUtils
LogPluginManager: Mounting plugin AlembicImporter
LogPluginManager: Mounting plugin BackChannel
LogPluginManager: Mounting plugin ChaosCloth
LogPluginManager: Mounting plugin ChaosClothEditor
LogPluginManager: Mounting plugin ChaosEditor
LogPluginManager: Mounting plugin ChaosNiagara
LogPluginManager: Mounting plugin CharacterAI
LogPluginManager: Mounting plugin ChaosSolverPlugin
LogPluginManager: Mounting plugin GeometryCache
LogPluginManager: Mounting plugin GeometryCollectionPlugin
LogPluginManager: Mounting plugin GeometryProcessing
LogPluginManager: Mounting plugin MotoSynth
LogPluginManager: Mounting plugin OpenImageDenoise
LogPluginManager: Mounting plugin CurveEditorTools
LogPluginManager: Mounting plugin GameplayTagsEditor
LogPluginManager: Mounting plugin DataValidation
LogPluginManager: Mounting plugin CryptoKeys
LogPluginManager: Mounting plugin FacialAnimation
LogPluginManager: Mounting plugin MaterialAnalyzer
LogPluginManager: Mounting plugin MobileLauncherProfileWizard
LogPluginManager: Mounting plugin PluginBrowser
LogPluginManager: Mounting plugin GeometryMode
LogPluginManager: Mounting plugin SpeedTreeImporter
LogPluginManager: Mounting plugin LuminPlatformFeatures
LogPluginManager: Mounting plugin MagicLeap
LogPluginManager: Mounting plugin MacGraphicsSwitching
LogPluginManager: Mounting plugin MagicLeapMedia
LogPluginManager: Mounting plugin MagicLeapLightEstimation
LogPluginManager: Mounting plugin MagicLeapPassableWorld
LogPluginManager: Mounting plugin MLSDK
LogPluginManager: Mounting plugin ProxyLODPlugin
LogPluginManager: Mounting plugin PlanarCut
LogPluginManager: Mounting plugin SkeletalReduction
LogPluginManager: Mounting plugin AndroidMedia
LogPluginManager: Mounting plugin AvfMedia
LogPluginManager: Mounting plugin PlatformCrypto
LogPluginManager: Mounting plugin PythonScriptPlugin
LogPluginManager: Mounting plugin ImgMedia
LogPluginManager: Mounting plugin MediaCompositing
LogPluginManager: Mounting plugin MediaPlayerEditor
LogPluginManager: Mounting plugin WebMMedia
LogPluginManager: Mounting plugin ActorSequence
LogPluginManager: Mounting plugin WmfMedia
LogPluginManager: Mounting plugin LevelSequenceEditor
LogPluginManager: Mounting plugin MatineeToLevelSequence
LogPluginManager: Mounting plugin TcpMessaging
LogPluginManager: Mounting plugin UdpMessaging
LogPluginManager: Mounting plugin LauncherChunkInstaller
LogPluginManager: Mounting plugin ActorLayerUtilities
LogPluginManager: Mounting plugin AndroidDeviceProfileSelector
LogPluginManager: Mounting plugin AndroidMoviePlayer
LogPluginManager: Mounting plugin AndroidPermission
LogPluginManager: Mounting plugin AppleMoviePlayer
LogPluginManager: Mounting plugin TemplateSequence
LogPluginManager: Mounting plugin ArchVisCharacter
LogPluginManager: Mounting plugin AssetTags
LogPluginManager: Mounting plugin AudioSynesthesia
LogPluginManager: Mounting plugin AudioCapture
LogPluginManager: Mounting plugin CableComponent
LogPluginManager: Mounting plugin ChunkDownloader
LogPluginManager: Mounting plugin CustomMeshComponent
LogPluginManager: Mounting plugin EditableMesh
LogPluginManager: Mounting plugin ExampleDeviceProfileSelector
LogPluginManager: Mounting plugin AppleImageUtils
LogPluginManager: Mounting plugin GoogleCloudMessaging
LogPluginManager: Mounting plugin GooglePAD
LogPluginManager: Mounting plugin IOSDeviceProfileSelector
LogPluginManager: Mounting plugin LinuxDeviceProfileSelector
LogPluginManager: Mounting plugin LocationServicesBPLibrary
LogPluginManager: Mounting plugin MobilePatchingUtils
LogPluginManager: Mounting plugin OpenXR
LogPluginManager: Mounting plugin OpenXREyeTracker
LogPluginManager: Mounting plugin OpenXRHandTracking
LogPluginManager: Mounting plugin PhysXVehicles
LogPluginManager: Mounting plugin PostSplashScreen
LogPluginManager: Mounting plugin ProceduralMeshComponent
LogPluginManager: Mounting plugin PropertyAccessEditor
LogPluginManager: Mounting plugin RuntimePhysXCooking
LogPluginManager: Mounting plugin SoundFields
LogPluginManager: Mounting plugin SignificanceManager
LogPluginManager: Mounting plugin Synthesis
LogPluginManager: Mounting plugin OnlineSubsystem
LogPluginManager: Mounting plugin WebMMoviePlayer
LogPluginManager: Mounting plugin WindowsMoviePlayer
LogPluginManager: Mounting plugin OnlineSubsystemNull
LogPluginManager: Mounting plugin OnlineSubsystemUtils
LogPluginManager: Mounting plugin Takes
LogPluginManager: Mounting plugin ScreenshotTools
LogPluginManager: Mounting plugin Niagara
LogPluginManager: Mounting plugin ContentBrowserClassDataSource
LogPluginManager: Mounting plugin ContentBrowserFileDataSource
LogPluginManager: Mounting plugin ContentBrowserAssetDataSource
LogPluginManager: Mounting plugin OnlineSubsystemGooglePlay
LogPluginManager: Mounting plugin OculusVR
LogPluginManager: Mounting plugin SteamVR
LogPluginManager: Mounting plugin OnlineSubsystemIOS
PixWinPlugin: PIX capture plugin failed to initialize! Check that the process is launched from PIX.
LogInit: Using libcurl 7.55.1-DEV
LogInit:  - built for x86_64-pc-win32
LogInit:  - supports SSL with OpenSSL/1.1.1
LogInit:  - supports HTTP deflate (compression) using libz 1.2.8
LogInit:  - other features:
LogInit:      CURL_VERSION_SSL
LogInit:      CURL_VERSION_LIBZ
LogInit:      CURL_VERSION_IPV6
LogInit:      CURL_VERSION_ASYNCHDNS
LogInit:      CURL_VERSION_LARGEFILE
LogInit:      CURL_VERSION_IDN
LogInit:  CurlRequestOptions (configurable via config and command line):
LogInit:  - bVerifyPeer = true  - Libcurl will verify peer certificate
LogInit:  - bUseHttpProxy = false  - Libcurl will NOT use HTTP proxy
LogInit:  - bDontReuseConnections = false  - Libcurl will reuse connections
LogInit:  - MaxHostConnections = 16  - Libcurl will limit the number of connections to a host
LogInit:  - LocalHostAddr = Default
LogInit:  - BufferSize = 65536
LogOnline: OSS: Creating online subsystem instance for: NULL
LogInit: WinSock: version 1.1 (2.2), MaxSocks=32767, MaxUdp=65467
LogOnline: OSS: TryLoadSubsystemAndSetDefault: Loaded subsystem for module [NULL]
LogOculusPluginWrapper: OculusPlugin initialized successfully
LogHMD: Failed initializing OVRPlugin 1.59.0
LogInit: Build: ++UE4+Release-4.27-CL-18319896
LogInit: Engine Version: 4.27.2-18319896+++UE4+Release-4.27
LogInit: Compatible Engine Version: 4.27.0-17155196+++UE4+Release-4.27
LogInit: Net CL: 17155196
LogInit: OS: Windows 10 (Release 2009) (), CPU: 12th Gen Intel(R) Core(TM) i7-12650H, GPU: Intel(R) UHD Graphics
LogInit: Compiled (64-bit): Nov 30 2021 07:12:08
LogInit: Compiled with Visual C++: 19.24.28315.00
LogInit: Build Configuration: Development
LogInit: Branch Name: ++UE4+Release-4.27
LogInit: Command Line: 
LogInit: Base Directory: D:/Softwares/Unreal Engine 4.27/UE_4.27/Engine/Binaries/Win64/
LogInit: Allocator: TBB
LogInit: Installed Engine Build: 1
LogDevObjectVersion: Number of dev versions registered: 29
LogDevObjectVersion:   Dev-Blueprints (B0D832E4-1F89-4F0D-ACCF-7EB736FD4AA2): 10
LogDevObjectVersion:   Dev-Build (E1C64328-A22C-4D53-A36C-8E866417BD8C): 0
LogDevObjectVersion:   Dev-Core (375EC13C-06E4-48FB-B500-84F0262A717E): 4
LogDevObjectVersion:   Dev-Editor (E4B068ED-F494-42E9-A231-DA0B2E46BB41): 40
LogDevObjectVersion:   Dev-Framework (CFFC743F-43B0-4480-9391-14DF171D2073): 37
LogDevObjectVersion:   Dev-Mobile (B02B49B5-BB20-44E9-A304-32B752E40360): 3
LogDevObjectVersion:   Dev-Networking (A4E4105C-59A1-49B5-A7C5-40C4547EDFEE): 0
LogDevObjectVersion:   Dev-Online (39C831C9-5AE6-47DC-9A44-9C173E1C8E7C): 0
LogDevObjectVersion:   Dev-Physics (78F01B33-EBEA-4F98-B9B4-84EACCB95AA2): 14
LogDevObjectVersion:   Dev-Platform (6631380F-2D4D-43E0-8009-CF276956A95A): 0
LogDevObjectVersion:   Dev-Rendering (12F88B9F-8875-4AFC-A67C-D90C383ABD29): 45
LogDevObjectVersion:   Dev-Sequencer (7B5AE74C-D270-4C10-A958-57980B212A5A): 13
LogDevObjectVersion:   Dev-VR (D7296918-1DD6-4BDD-9DE2-64A83CC13884): 3
LogDevObjectVersion:   Dev-LoadTimes (C2A15278-BFE7-4AFE-6C17-90FF531DF755): 1
LogDevObjectVersion:   Private-Geometry (6EACA3D4-40EC-4CC1-B786-8BED09428FC5): 3
LogDevObjectVersion:   Dev-AnimPhys (29E575DD-E0A3-4627-9D10-D276232CDCEA): 17
LogDevObjectVersion:   Dev-Anim (AF43A65D-7FD3-4947-9873-3E8ED9C1BB05): 15
LogDevObjectVersion:   Dev-ReflectionCapture (6B266CEC-1EC7-4B8F-A30B-E4D90942FC07): 1
LogDevObjectVersion:   Dev-Automation (0DF73D61-A23F-47EA-B727-89E90C41499A): 1
LogDevObjectVersion:   FortniteMain (601D1886-AC64-4F84-AA16-D3DE0DEAC7D6): 47
LogDevObjectVersion:   FortniteRelease (E7086368-6B23-4C58-8439-1B7016265E91): 1
LogDevObjectVersion:   Dev-Enterprise (9DFFBCD6-494F-0158-E221-12823C92A888): 10
LogDevObjectVersion:   Dev-Niagara (F2AED0AC-9AFE-416F-8664-AA7FFA26D6FC): 1
LogDevObjectVersion:   Dev-Destruction (174F1F0B-B4C6-45A5-B13F-2EE8D0FB917D): 10
LogDevObjectVersion:   Dev-Physics-Ext (35F94A83-E258-406C-A318-09F59610247C): 41
LogDevObjectVersion:   Dev-PhysicsMaterial-Chaos (B68FC16E-8B1B-42E2-B453-215C058844FE): 1
LogDevObjectVersion:   Dev-CineCamera (B2E18506-4273-CFC2-A54E-F4BB758BBA07): 1
LogDevObjectVersion:   Dev-VirtualProduction (64F58936-FD1B-42BA-BA96-7289D5D0FA4E): 1
LogDevObjectVersion:   Dev-MediaFramework (6F0ED827-A609-4895-9C91-998D90180EA4): 2
LogInit: Presizing for max 25165824 objects, including 0 objects not considered by GC, pre-allocating 0 bytes for permanent pool.
LogConfig: Applying CVar settings from Section [/Script/Engine.StreamingSettings] File [D:/Confidential/Kingdom/KingdomArmy/Saved/Config/Windows/Engine.ini]
LogConfig: Setting CVar [[s.MinBulkDataSizeForAsyncLoading:131072]]
LogConfig: Setting CVar [[s.AsyncLoadingThreadEnabled:0]]
LogConfig: Setting CVar [[s.EventDrivenLoaderEnabled:1]]
LogConfig: Setting CVar [[s.WarnIfTimeLimitExceeded:0]]
LogConfig: Setting CVar [[s.TimeLimitExceededMultiplier:1.5]]
LogConfig: Setting CVar [[s.TimeLimitExceededMinTime:0.005]]
LogConfig: Setting CVar [[s.UseBackgroundLevelStreaming:1]]
LogConfig: Setting CVar [[s.PriorityAsyncLoadingExtraTime:15.0]]
LogConfig: Setting CVar [[s.LevelStreamingActorsUpdateTimeLimit:5.0]]
LogConfig: Setting CVar [[s.PriorityLevelStreamingActorsUpdateExtraTime:5.0]]
LogConfig: Setting CVar [[s.LevelStreamingComponentsRegistrationGranularity:10]]
LogConfig: Setting CVar [[s.UnregisterComponentsTimeLimit:1.0]]
LogConfig: Setting CVar [[s.LevelStreamingComponentsUnregistrationGranularity:5]]
LogConfig: Setting CVar [[s.FlushStreamingOnExit:1]]
LogInit: Object subsystem initialized
LogConfig: Setting CVar [[con.DebugEarlyDefault:1]]
LogConfig: Setting CVar [[r.setres:1280x720]]
[2024.07.07-13.27.25:134][  0]LogConfig: Setting CVar [[r.VSync:0]]
[2024.07.07-13.27.25:134][  0]LogConfig: Setting CVar [[r.RHICmdBypass:0]]
[2024.07.07-13.27.25:134][  0]LogConfig: Applying CVar settings from Section [/Script/Engine.RendererSettings] File [D:/Confidential/Kingdom/KingdomArmy/Saved/Config/Windows/Engine.ini]
[2024.07.07-13.27.25:134][  0]LogConfig: Setting CVar [[r.GPUCrashDebugging:0]]
[2024.07.07-13.27.25:134][  0]LogConfig: Applying CVar settings from Section [/Script/Engine.RendererOverrideSettings] File [D:/Confidential/Kingdom/KingdomArmy/Saved/Config/Windows/Engine.ini]
[2024.07.07-13.27.25:134][  0]LogConfig: Applying CVar settings from Section [/Script/Engine.StreamingSettings] File [D:/Confidential/Kingdom/KingdomArmy/Saved/Config/Windows/Engine.ini]
[2024.07.07-13.27.25:134][  0]LogConfig: Setting CVar [[s.MinBulkDataSizeForAsyncLoading:131072]]
[2024.07.07-13.27.25:134][  0]LogConfig: Setting CVar [[s.AsyncLoadingThreadEnabled:0]]
[2024.07.07-13.27.25:134][  0]LogConfig: Setting CVar [[s.EventDrivenLoaderEnabled:1]]
[2024.07.07-13.27.25:134][  0]LogConfig: Setting CVar [[s.WarnIfTimeLimitExceeded:0]]
[2024.07.07-13.27.25:134][  0]LogConfig: Setting CVar [[s.TimeLimitExceededMultiplier:1.5]]
[2024.07.07-13.27.25:134][  0]LogConfig: Setting CVar [[s.TimeLimitExceededMinTime:0.005]]
[2024.07.07-13.27.25:134][  0]LogConfig: Setting CVar [[s.UseBackgroundLevelStreaming:1]]
[2024.07.07-13.27.25:134][  0]LogConfig: Setting CVar [[s.PriorityAsyncLoadingExtraTime:15.0]]
[2024.07.07-13.27.25:134][  0]LogConfig: Setting CVar [[s.LevelStreamingActorsUpdateTimeLimit:5.0]]
[2024.07.07-13.27.25:134][  0]LogConfig: Setting CVar [[s.PriorityLevelStreamingActorsUpdateExtraTime:5.0]]
[2024.07.07-13.27.25:134][  0]LogConfig: Setting CVar [[s.LevelStreamingComponentsRegistrationGranularity:10]]
[2024.07.07-13.27.25:134][  0]LogConfig: Setting CVar [[s.UnregisterComponentsTimeLimit:1.0]]
[2024.07.07-13.27.25:134][  0]LogConfig: Setting CVar [[s.LevelStreamingComponentsUnregistrationGranularity:5]]
[2024.07.07-13.27.25:134][  0]LogConfig: Setting CVar [[s.FlushStreamingOnExit:1]]
[2024.07.07-13.27.25:134][  0]LogConfig: Applying CVar settings from Section [/Script/Engine.GarbageCollectionSettings] File [D:/Confidential/Kingdom/KingdomArmy/Saved/Config/Windows/Engine.ini]
[2024.07.07-13.27.25:134][  0]LogConfig: Setting CVar [[gc.MaxObjectsNotConsideredByGC:1]]
[2024.07.07-13.27.25:134][  0]LogConfig: Setting CVar [[gc.SizeOfPermanentObjectPool:0]]
[2024.07.07-13.27.25:134][  0]LogConfig: Setting CVar [[gc.FlushStreamingOnGC:0]]
[2024.07.07-13.27.25:134][  0]LogConfig: Setting CVar [[gc.NumRetriesBeforeForcingGC:10]]
[2024.07.07-13.27.25:134][  0]LogConfig: Setting CVar [[gc.AllowParallelGC:1]]
[2024.07.07-13.27.25:134][  0]LogConfig: Setting CVar [[gc.TimeBetweenPurgingPendingKillObjects:61.1]]
[2024.07.07-13.27.25:134][  0]LogConfig: Setting CVar [[gc.MaxObjectsInEditor:25165824]]
[2024.07.07-13.27.25:134][  0]LogConfig: Setting CVar [[gc.IncrementalBeginDestroyEnabled:1]]
[2024.07.07-13.27.25:134][  0]LogConfig: Setting CVar [[gc.CreateGCClusters:1]]
[2024.07.07-13.27.25:134][  0]LogConfig: Setting CVar [[gc.MinGCClusterSize:5]]
[2024.07.07-13.27.25:134][  0]LogConfig: Setting CVar [[gc.ActorClusteringEnabled:0]]
[2024.07.07-13.27.25:134][  0]LogConfig: Setting CVar [[gc.BlueprintClusteringEnabled:0]]
[2024.07.07-13.27.25:134][  0]LogConfig: Setting CVar [[gc.UseDisregardForGCOnDedicatedServers:0]]
[2024.07.07-13.27.25:134][  0]LogConfig: Setting CVar [[gc.MultithreadedDestructionEnabled:1]]
[2024.07.07-13.27.25:134][  0]LogConfig: Applying CVar settings from Section [/Script/Engine.NetworkSettings] File [D:/Confidential/Kingdom/KingdomArmy/Saved/Config/Windows/Engine.ini]
[2024.07.07-13.27.25:134][  0]LogConfig: Applying CVar settings from Section [/Script/UnrealEd.CookerSettings] File [D:/Confidential/Kingdom/KingdomArmy/Saved/Config/Windows/Engine.ini]
[2024.07.07-13.27.25:137][  0]LogConfig: Applying CVar settings from Section [ViewDistanceQuality@3] File [D:/Confidential/Kingdom/KingdomArmy/Saved/Config/Windows/Scalability.ini]
[2024.07.07-13.27.25:137][  0]LogConfig: Setting CVar [[r.SkeletalMeshLODBias:0]]
[2024.07.07-13.27.25:137][  0]LogConfig: Setting CVar [[r.ViewDistanceScale:1.0]]
[2024.07.07-13.27.25:137][  0]LogConfig: Applying CVar settings from Section [AntiAliasingQuality@3] File [D:/Confidential/Kingdom/KingdomArmy/Saved/Config/Windows/Scalability.ini]
[2024.07.07-13.27.25:137][  0]LogConfig: Setting CVar [[r.PostProcessAAQuality:4]]
[2024.07.07-13.27.25:137][  0]LogConfig: Applying CVar settings from Section [ShadowQuality@3] File [D:/Confidential/Kingdom/KingdomArmy/Saved/Config/Windows/Scalability.ini]
[2024.07.07-13.27.25:137][  0]LogConfig: Setting CVar [[r.LightFunctionQuality:1]]
[2024.07.07-13.27.25:137][  0]LogConfig: Setting CVar [[r.ShadowQuality:5]]
[2024.07.07-13.27.25:137][  0]LogConfig: Setting CVar [[r.Shadow.CSM.MaxCascades:10]]
[2024.07.07-13.27.25:137][  0]LogConfig: Setting CVar [[r.Shadow.MaxResolution:2048]]
[2024.07.07-13.27.25:137][  0]LogConfig: Setting CVar [[r.Shadow.MaxCSMResolution:2048]]
[2024.07.07-13.27.25:137][  0]LogConfig: Setting CVar [[r.Shadow.RadiusThreshold:0.01]]
[2024.07.07-13.27.25:137][  0]LogConfig: Setting CVar [[r.Shadow.DistanceScale:1.0]]
[2024.07.07-13.27.25:137][  0]LogConfig: Setting CVar [[r.Shadow.CSM.TransitionScale:1.0]]
[2024.07.07-13.27.25:137][  0]LogConfig: Setting CVar [[r.Shadow.PreShadowResolutionFactor:1.0]]
[2024.07.07-13.27.25:137][  0]LogConfig: Setting CVar [[r.DistanceFieldShadowing:1]]
[2024.07.07-13.27.25:137][  0]LogConfig: Setting CVar [[r.DistanceFieldAO:1]]
[2024.07.07-13.27.25:137][  0]LogConfig: Setting CVar [[r.AOQuality:2]]
[2024.07.07-13.27.25:137][  0]LogConfig: Setting CVar [[r.VolumetricFog:1]]
[2024.07.07-13.27.25:137][  0]LogConfig: Setting CVar [[r.VolumetricFog.GridPixelSize:8]]
[2024.07.07-13.27.25:137][  0]LogConfig: Setting CVar [[r.VolumetricFog.GridSizeZ:128]]
[2024.07.07-13.27.25:138][  0]LogConfig: Setting CVar [[r.VolumetricFog.HistoryMissSupersampleCount:4]]
[2024.07.07-13.27.25:138][  0]LogConfig: Setting CVar [[r.LightMaxDrawDistanceScale:1]]
[2024.07.07-13.27.25:138][  0]LogConfig: Setting CVar [[r.CapsuleShadows:1]]
[2024.07.07-13.27.25:138][  0]LogConfig: Applying CVar settings from Section [PostProcessQuality@3] File [D:/Confidential/Kingdom/KingdomArmy/Saved/Config/Windows/Scalability.ini]
[2024.07.07-13.27.25:138][  0]LogConfig: Setting CVar [[r.MotionBlurQuality:4]]
[2024.07.07-13.27.25:138][  0]LogConfig: Setting CVar [[r.AmbientOcclusionMipLevelFactor:0.4]]
[2024.07.07-13.27.25:138][  0]LogConfig: Setting CVar [[r.AmbientOcclusionMaxQuality:100]]
[2024.07.07-13.27.25:138][  0]LogConfig: Setting CVar [[r.AmbientOcclusionLevels:-1]]
[2024.07.07-13.27.25:138][  0]LogConfig: Setting CVar [[r.AmbientOcclusionRadiusScale:1.0]]
[2024.07.07-13.27.25:138][  0]LogConfig: Setting CVar [[r.DepthOfFieldQuality:2]]
[2024.07.07-13.27.25:138][  0]LogConfig: Setting CVar [[r.RenderTargetPoolMin:400]]
[2024.07.07-13.27.25:138][  0]LogConfig: Setting CVar [[r.LensFlareQuality:2]]
[2024.07.07-13.27.25:138][  0]LogConfig: Setting CVar [[r.SceneColorFringeQuality:1]]
[2024.07.07-13.27.25:138][  0]LogConfig: Setting CVar [[r.EyeAdaptationQuality:2]]
[2024.07.07-13.27.25:138][  0]LogConfig: Setting CVar [[r.BloomQuality:5]]
[2024.07.07-13.27.25:138][  0]LogConfig: Setting CVar [[r.FastBlurThreshold:100]]
[2024.07.07-13.27.25:138][  0]LogConfig: Setting CVar [[r.Upscale.Quality:3]]
[2024.07.07-13.27.25:138][  0]LogConfig: Setting CVar [[r.Tonemapper.GrainQuantization:1]]
[2024.07.07-13.27.25:138][  0]LogConfig: Setting CVar [[r.LightShaftQuality:1]]
[2024.07.07-13.27.25:138][  0]LogConfig: Setting CVar [[r.Filter.SizeScale:1]]
[2024.07.07-13.27.25:138][  0]LogConfig: Setting CVar [[r.Tonemapper.Quality:5]]
[2024.07.07-13.27.25:138][  0]LogConfig: Setting CVar [[r.DOF.Gather.AccumulatorQuality:1        ; higher gathering accumulator quality]]
[2024.07.07-13.27.25:138][  0]LogConfig: Setting CVar [[r.DOF.Gather.PostfilterMethod:1          ; Median3x3 postfilering method]]
[2024.07.07-13.27.25:138][  0]LogConfig: Setting CVar [[r.DOF.Gather.EnableBokehSettings:0       ; no bokeh simulation when gathering]]
[2024.07.07-13.27.25:138][  0]LogConfig: Setting CVar [[r.DOF.Gather.RingCount:4                 ; medium number of samples when gathering]]
[2024.07.07-13.27.25:138][  0]LogConfig: Setting CVar [[r.DOF.Scatter.ForegroundCompositing:1    ; additive foreground scattering]]
[2024.07.07-13.27.25:138][  0]LogConfig: Setting CVar [[r.DOF.Scatter.BackgroundCompositing:2    ; additive background scattering]]
[2024.07.07-13.27.25:138][  0]LogConfig: Setting CVar [[r.DOF.Scatter.EnableBokehSettings:1      ; bokeh simulation when scattering]]
[2024.07.07-13.27.25:138][  0]LogConfig: Setting CVar [[r.DOF.Scatter.MaxSpriteRatio:0.1         ; only a maximum of 10% of scattered bokeh]]
[2024.07.07-13.27.25:138][  0]LogConfig: Setting CVar [[r.DOF.Recombine.Quality:1                ; cheap slight out of focus]]
[2024.07.07-13.27.25:138][  0]LogConfig: Setting CVar [[r.DOF.Recombine.EnableBokehSettings:0    ; no bokeh simulation on slight out of focus]]
[2024.07.07-13.27.25:138][  0]LogConfig: Setting CVar [[r.DOF.TemporalAAQuality:1                ; more stable temporal accumulation]]
[2024.07.07-13.27.25:138][  0]LogConfig: Setting CVar [[r.DOF.Kernel.MaxForegroundRadius:0.025]]
[2024.07.07-13.27.25:138][  0]LogConfig: Setting CVar [[r.DOF.Kernel.MaxBackgroundRadius:0.025]]
[2024.07.07-13.27.25:138][  0]LogConfig: Applying CVar settings from Section [TextureQuality@3] File [D:/Confidential/Kingdom/KingdomArmy/Saved/Config/Windows/Scalability.ini]
[2024.07.07-13.27.25:138][  0]LogConfig: Setting CVar [[r.Streaming.MipBias:0]]
[2024.07.07-13.27.25:138][  0]LogConfig: Setting CVar [[r.Streaming.AmortizeCPUToGPUCopy:0]]
[2024.07.07-13.27.25:138][  0]LogConfig: Setting CVar [[r.Streaming.MaxNumTexturesToStreamPerFrame:0]]
[2024.07.07-13.27.25:138][  0]LogConfig: Setting CVar [[r.Streaming.Boost:1]]
[2024.07.07-13.27.25:138][  0]LogConfig: Setting CVar [[r.MaxAnisotropy:8]]
[2024.07.07-13.27.25:138][  0]LogConfig: Setting CVar [[r.VT.MaxAnisotropy:8]]
[2024.07.07-13.27.25:138][  0]LogConfig: Setting CVar [[r.Streaming.LimitPoolSizeToVRAM:0]]
[2024.07.07-13.27.25:138][  0]LogConfig: Setting CVar [[r.Streaming.PoolSize:1000]]
[2024.07.07-13.27.25:138][  0]LogConfig: Setting CVar [[r.Streaming.MaxEffectiveScreenSize:0]]
[2024.07.07-13.27.25:138][  0]LogConfig: Applying CVar settings from Section [EffectsQuality@3] File [D:/Confidential/Kingdom/KingdomArmy/Saved/Config/Windows/Scalability.ini]
[2024.07.07-13.27.25:138][  0]LogConfig: Setting CVar [[r.TranslucencyLightingVolumeDim:64]]
[2024.07.07-13.27.25:138][  0]LogConfig: Setting CVar [[r.RefractionQuality:2]]
[2024.07.07-13.27.25:138][  0]LogConfig: Setting CVar [[r.SSR.Quality:3]]
[2024.07.07-13.27.25:138][  0]LogConfig: Setting CVar [[r.SSR.HalfResSceneColor:0]]
[2024.07.07-13.27.25:138][  0]LogConfig: Setting CVar [[r.SceneColorFormat:4]]
[2024.07.07-13.27.25:138][  0]LogConfig: Setting CVar [[r.DetailMode:2]]
[2024.07.07-13.27.25:138][  0]LogConfig: Setting CVar [[r.TranslucencyVolumeBlur:1]]
[2024.07.07-13.27.25:138][  0]LogConfig: Setting CVar [[r.MaterialQualityLevel:1 ; High quality]]
[2024.07.07-13.27.25:138][  0]LogConfig: Setting CVar [[r.AnisotropicMaterials:1]]
[2024.07.07-13.27.25:138][  0]LogConfig: Setting CVar [[r.SSS.Scale:1]]
[2024.07.07-13.27.25:138][  0]LogConfig: Setting CVar [[r.SSS.SampleSet:2]]
[2024.07.07-13.27.25:138][  0]LogConfig: Setting CVar [[r.SSS.Quality:1]]
[2024.07.07-13.27.25:138][  0]LogConfig: Setting CVar [[r.SSS.HalfRes:0]]
[2024.07.07-13.27.25:138][  0]LogConfig: Setting CVar [[r.SSGI.Quality:3]]
[2024.07.07-13.27.25:138][  0]LogConfig: Setting CVar [[r.EmitterSpawnRateScale:1.0]]
[2024.07.07-13.27.25:138][  0]LogConfig: Setting CVar [[r.ParticleLightQuality:2]]
[2024.07.07-13.27.25:138][  0]LogConfig: Setting CVar [[r.SkyAtmosphere.AerialPerspectiveLUT.FastApplyOnOpaque:1 ; Always have FastSkyLUT 1 in this case to avoid wrong sky]]
[2024.07.07-13.27.25:138][  0]LogConfig: Setting CVar [[r.SkyAtmosphere.AerialPerspectiveLUT.SampleCountMaxPerSlice:4]]
[2024.07.07-13.27.25:138][  0]LogConfig: Setting CVar [[r.SkyAtmosphere.AerialPerspectiveLUT.DepthResolution:16.0]]
[2024.07.07-13.27.25:138][  0]LogConfig: Setting CVar [[r.SkyAtmosphere.FastSkyLUT:1]]
[2024.07.07-13.27.25:138][  0]LogConfig: Setting CVar [[r.SkyAtmosphere.FastSkyLUT.SampleCountMin:4.0]]
[2024.07.07-13.27.25:138][  0]LogConfig: Setting CVar [[r.SkyAtmosphere.FastSkyLUT.SampleCountMax:128.0]]
[2024.07.07-13.27.25:138][  0]LogConfig: Setting CVar [[r.SkyAtmosphere.SampleCountMin:4.0]]
[2024.07.07-13.27.25:138][  0]LogConfig: Setting CVar [[r.SkyAtmosphere.SampleCountMax:128.0]]
[2024.07.07-13.27.25:138][  0]LogConfig: Setting CVar [[r.SkyAtmosphere.TransmittanceLUT.UseSmallFormat:0]]
[2024.07.07-13.27.25:138][  0]LogConfig: Setting CVar [[r.SkyAtmosphere.TransmittanceLUT.SampleCount:10.0]]
[2024.07.07-13.27.25:138][  0]LogConfig: Setting CVar [[r.SkyAtmosphere.MultiScatteringLUT.SampleCount:15.0]]
[2024.07.07-13.27.25:138][  0]LogConfig: Setting CVar [[r.SkyLight.RealTimeReflectionCapture:1]]
[2024.07.07-13.27.25:138][  0]LogConfig: Applying CVar settings from Section [FoliageQuality@3] File [D:/Confidential/Kingdom/KingdomArmy/Saved/Config/Windows/Scalability.ini]
[2024.07.07-13.27.25:138][  0]LogConfig: Setting CVar [[foliage.DensityScale:1.0]]
[2024.07.07-13.27.25:138][  0]LogConfig: Setting CVar [[grass.DensityScale:1.0]]
[2024.07.07-13.27.25:138][  0]LogConfig: Applying CVar settings from Section [ShadingQuality@3] File [D:/Confidential/Kingdom/KingdomArmy/Saved/Config/Windows/Scalability.ini]
[2024.07.07-13.27.25:138][  0]LogConfig: Setting CVar [[r.HairStrands.SkyLighting.IntegrationType:2]]
[2024.07.07-13.27.25:138][  0]LogConfig: Setting CVar [[r.HairStrands.SkyAO.SampleCount:4]]
[2024.07.07-13.27.25:138][  0]LogConfig: Setting CVar [[r.HairStrands.Visibility.MSAA.SamplePerPixel:4]]
[2024.07.07-13.27.25:138][  0]LogInit: Selected Device Profile: [Windows]
[2024.07.07-13.27.25:138][  0]LogInit: Applying CVar settings loaded from the selected device profile: [Windows]
[2024.07.07-13.27.25:138][  0]LogHAL: Display: Platform has ~ 16 GB [16782635008 / 17179869184 / 16], which maps to Larger [LargestMinGB=32, LargerMinGB=12, DefaultMinGB=8, SmallerMinGB=6, SmallestMinGB=0)
[2024.07.07-13.27.25:138][  0]LogInit: Going up to parent DeviceProfile []
[2024.07.07-13.27.25:138][  0]LogConfig: Applying CVar settings from Section [ViewDistanceQuality@3] File [D:/Confidential/Kingdom/KingdomArmy/Saved/Config/Windows/Scalability.ini]
[2024.07.07-13.27.25:138][  0]LogConfig: Setting CVar [[r.SkeletalMeshLODBias:0]]
[2024.07.07-13.27.25:138][  0]LogConfig: Setting CVar [[r.ViewDistanceScale:1.0]]
[2024.07.07-13.27.25:138][  0]LogConfig: Applying CVar settings from Section [AntiAliasingQuality@3] File [D:/Confidential/Kingdom/KingdomArmy/Saved/Config/Windows/Scalability.ini]
[2024.07.07-13.27.25:138][  0]LogConfig: Setting CVar [[r.PostProcessAAQuality:4]]
[2024.07.07-13.27.25:138][  0]LogConfig: Applying CVar settings from Section [ShadowQuality@3] File [D:/Confidential/Kingdom/KingdomArmy/Saved/Config/Windows/Scalability.ini]
[2024.07.07-13.27.25:138][  0]LogConfig: Setting CVar [[r.LightFunctionQuality:1]]
[2024.07.07-13.27.25:138][  0]LogConfig: Setting CVar [[r.ShadowQuality:5]]
[2024.07.07-13.27.25:138][  0]LogConfig: Setting CVar [[r.Shadow.CSM.MaxCascades:10]]
[2024.07.07-13.27.25:138][  0]LogConfig: Setting CVar [[r.Shadow.MaxResolution:2048]]
[2024.07.07-13.27.25:138][  0]LogConfig: Setting CVar [[r.Shadow.MaxCSMResolution:2048]]
[2024.07.07-13.27.25:138][  0]LogConfig: Setting CVar [[r.Shadow.RadiusThreshold:0.01]]
[2024.07.07-13.27.25:138][  0]LogConfig: Setting CVar [[r.Shadow.DistanceScale:1.0]]
[2024.07.07-13.27.25:138][  0]LogConfig: Setting CVar [[r.Shadow.CSM.TransitionScale:1.0]]
[2024.07.07-13.27.25:138][  0]LogConfig: Setting CVar [[r.Shadow.PreShadowResolutionFactor:1.0]]
[2024.07.07-13.27.25:138][  0]LogConfig: Setting CVar [[r.DistanceFieldShadowing:1]]
[2024.07.07-13.27.25:138][  0]LogConfig: Setting CVar [[r.DistanceFieldAO:1]]
[2024.07.07-13.27.25:138][  0]LogConfig: Setting CVar [[r.AOQuality:2]]
[2024.07.07-13.27.25:138][  0]LogConfig: Setting CVar [[r.VolumetricFog:1]]
[2024.07.07-13.27.25:138][  0]LogConfig: Setting CVar [[r.VolumetricFog.GridPixelSize:8]]
[2024.07.07-13.27.25:138][  0]LogConfig: Setting CVar [[r.VolumetricFog.GridSizeZ:128]]
[2024.07.07-13.27.25:138][  0]LogConfig: Setting CVar [[r.VolumetricFog.HistoryMissSupersampleCount:4]]
[2024.07.07-13.27.25:138][  0]LogConfig: Setting CVar [[r.LightMaxDrawDistanceScale:1]]
[2024.07.07-13.27.25:138][  0]LogConfig: Setting CVar [[r.CapsuleShadows:1]]
[2024.07.07-13.27.25:138][  0]LogConfig: Applying CVar settings from Section [PostProcessQuality@3] File [D:/Confidential/Kingdom/KingdomArmy/Saved/Config/Windows/Scalability.ini]
[2024.07.07-13.27.25:138][  0]LogConfig: Setting CVar [[r.MotionBlurQuality:4]]
[2024.07.07-13.27.25:138][  0]LogConfig: Setting CVar [[r.AmbientOcclusionMipLevelFactor:0.4]]
[2024.07.07-13.27.25:138][  0]LogConfig: Setting CVar [[r.AmbientOcclusionMaxQuality:100]]
[2024.07.07-13.27.25:138][  0]LogConfig: Setting CVar [[r.AmbientOcclusionLevels:-1]]
[2024.07.07-13.27.25:138][  0]LogConfig: Setting CVar [[r.AmbientOcclusionRadiusScale:1.0]]
[2024.07.07-13.27.25:138][  0]LogConfig: Setting CVar [[r.DepthOfFieldQuality:2]]
[2024.07.07-13.27.25:138][  0]LogConfig: Setting CVar [[r.RenderTargetPoolMin:400]]
[2024.07.07-13.27.25:138][  0]LogConfig: Setting CVar [[r.LensFlareQuality:2]]
[2024.07.07-13.27.25:138][  0]LogConfig: Setting CVar [[r.SceneColorFringeQuality:1]]
[2024.07.07-13.27.25:138][  0]LogConfig: Setting CVar [[r.EyeAdaptationQuality:2]]
[2024.07.07-13.27.25:138][  0]LogConfig: Setting CVar [[r.BloomQuality:5]]
[2024.07.07-13.27.25:138][  0]LogConfig: Setting CVar [[r.FastBlurThreshold:100]]
[2024.07.07-13.27.25:138][  0]LogConfig: Setting CVar [[r.Upscale.Quality:3]]
[2024.07.07-13.27.25:138][  0]LogConfig: Setting CVar [[r.Tonemapper.GrainQuantization:1]]
[2024.07.07-13.27.25:138][  0]LogConfig: Setting CVar [[r.LightShaftQuality:1]]
[2024.07.07-13.27.25:138][  0]LogConfig: Setting CVar [[r.Filter.SizeScale:1]]
[2024.07.07-13.27.25:138][  0]LogConfig: Setting CVar [[r.Tonemapper.Quality:5]]
[2024.07.07-13.27.25:138][  0]LogConfig: Setting CVar [[r.DOF.Gather.AccumulatorQuality:1        ; higher gathering accumulator quality]]
[2024.07.07-13.27.25:138][  0]LogConfig: Setting CVar [[r.DOF.Gather.PostfilterMethod:1          ; Median3x3 postfilering method]]
[2024.07.07-13.27.25:138][  0]LogConfig: Setting CVar [[r.DOF.Gather.EnableBokehSettings:0       ; no bokeh simulation when gathering]]
[2024.07.07-13.27.25:138][  0]LogConfig: Setting CVar [[r.DOF.Gather.RingCount:4                 ; medium number of samples when gathering]]
[2024.07.07-13.27.25:138][  0]LogConfig: Setting CVar [[r.DOF.Scatter.ForegroundCompositing:1    ; additive foreground scattering]]
[2024.07.07-13.27.25:138][  0]LogConfig: Setting CVar [[r.DOF.Scatter.BackgroundCompositing:2    ; additive background scattering]]
[2024.07.07-13.27.25:138][  0]LogConfig: Setting CVar [[r.DOF.Scatter.EnableBokehSettings:1      ; bokeh simulation when scattering]]
[2024.07.07-13.27.25:138][  0]LogConfig: Setting CVar [[r.DOF.Scatter.MaxSpriteRatio:0.1         ; only a maximum of 10% of scattered bokeh]]
[2024.07.07-13.27.25:138][  0]LogConfig: Setting CVar [[r.DOF.Recombine.Quality:1                ; cheap slight out of focus]]
[2024.07.07-13.27.25:138][  0]LogConfig: Setting CVar [[r.DOF.Recombine.EnableBokehSettings:0    ; no bokeh simulation on slight out of focus]]
[2024.07.07-13.27.25:138][  0]LogConfig: Setting CVar [[r.DOF.TemporalAAQuality:1                ; more stable temporal accumulation]]
[2024.07.07-13.27.25:138][  0]LogConfig: Setting CVar [[r.DOF.Kernel.MaxForegroundRadius:0.025]]
[2024.07.07-13.27.25:138][  0]LogConfig: Setting CVar [[r.DOF.Kernel.MaxBackgroundRadius:0.025]]
[2024.07.07-13.27.25:138][  0]LogConfig: Applying CVar settings from Section [TextureQuality@3] File [D:/Confidential/Kingdom/KingdomArmy/Saved/Config/Windows/Scalability.ini]
[2024.07.07-13.27.25:138][  0]LogConfig: Setting CVar [[r.Streaming.MipBias:0]]
[2024.07.07-13.27.25:138][  0]LogConfig: Setting CVar [[r.Streaming.AmortizeCPUToGPUCopy:0]]
[2024.07.07-13.27.25:138][  0]LogConfig: Setting CVar [[r.Streaming.MaxNumTexturesToStreamPerFrame:0]]
[2024.07.07-13.27.25:138][  0]LogConfig: Setting CVar [[r.Streaming.Boost:1]]
[2024.07.07-13.27.25:138][  0]LogConfig: Setting CVar [[r.MaxAnisotropy:8]]
[2024.07.07-13.27.25:138][  0]LogConfig: Setting CVar [[r.VT.MaxAnisotropy:8]]
[2024.07.07-13.27.25:138][  0]LogConfig: Setting CVar [[r.Streaming.LimitPoolSizeToVRAM:0]]
[2024.07.07-13.27.25:138][  0]LogConfig: Setting CVar [[r.Streaming.PoolSize:1000]]
[2024.07.07-13.27.25:138][  0]LogConfig: Setting CVar [[r.Streaming.MaxEffectiveScreenSize:0]]
[2024.07.07-13.27.25:138][  0]LogConfig: Applying CVar settings from Section [EffectsQuality@3] File [D:/Confidential/Kingdom/KingdomArmy/Saved/Config/Windows/Scalability.ini]
[2024.07.07-13.27.25:138][  0]LogConfig: Setting CVar [[r.TranslucencyLightingVolumeDim:64]]
[2024.07.07-13.27.25:138][  0]LogConfig: Setting CVar [[r.RefractionQuality:2]]
[2024.07.07-13.27.25:138][  0]LogConfig: Setting CVar [[r.SSR.Quality:3]]
[2024.07.07-13.27.25:138][  0]LogConfig: Setting CVar [[r.SSR.HalfResSceneColor:0]]
[2024.07.07-13.27.25:138][  0]LogConfig: Setting CVar [[r.SceneColorFormat:4]]
[2024.07.07-13.27.25:139][  0]LogConfig: Setting CVar [[r.DetailMode:2]]
[2024.07.07-13.27.25:139][  0]LogConfig: Setting CVar [[r.TranslucencyVolumeBlur:1]]
[2024.07.07-13.27.25:139][  0]LogConfig: Setting CVar [[r.MaterialQualityLevel:1 ; High quality]]
[2024.07.07-13.27.25:139][  0]LogConfig: Setting CVar [[r.AnisotropicMaterials:1]]
[2024.07.07-13.27.25:139][  0]LogConfig: Setting CVar [[r.SSS.Scale:1]]
[2024.07.07-13.27.25:139][  0]LogConfig: Setting CVar [[r.SSS.SampleSet:2]]
[2024.07.07-13.27.25:139][  0]LogConfig: Setting CVar [[r.SSS.Quality:1]]
[2024.07.07-13.27.25:139][  0]LogConfig: Setting CVar [[r.SSS.HalfRes:0]]
[2024.07.07-13.27.25:139][  0]LogConfig: Setting CVar [[r.SSGI.Quality:3]]
[2024.07.07-13.27.25:139][  0]LogConfig: Setting CVar [[r.EmitterSpawnRateScale:1.0]]
[2024.07.07-13.27.25:139][  0]LogConfig: Setting CVar [[r.ParticleLightQuality:2]]
[2024.07.07-13.27.25:139][  0]LogConfig: Setting CVar [[r.SkyAtmosphere.AerialPerspectiveLUT.FastApplyOnOpaque:1 ; Always have FastSkyLUT 1 in this case to avoid wrong sky]]
[2024.07.07-13.27.25:139][  0]LogConfig: Setting CVar [[r.SkyAtmosphere.AerialPerspectiveLUT.SampleCountMaxPerSlice:4]]
[2024.07.07-13.27.25:139][  0]LogConfig: Setting CVar [[r.SkyAtmosphere.AerialPerspectiveLUT.DepthResolution:16.0]]
[2024.07.07-13.27.25:139][  0]LogConfig: Setting CVar [[r.SkyAtmosphere.FastSkyLUT:1]]
[2024.07.07-13.27.25:139][  0]LogConfig: Setting CVar [[r.SkyAtmosphere.FastSkyLUT.SampleCountMin:4.0]]
[2024.07.07-13.27.25:139][  0]LogConfig: Setting CVar [[r.SkyAtmosphere.FastSkyLUT.SampleCountMax:128.0]]
[2024.07.07-13.27.25:139][  0]LogConfig: Setting CVar [[r.SkyAtmosphere.SampleCountMin:4.0]]
[2024.07.07-13.27.25:139][  0]LogConfig: Setting CVar [[r.SkyAtmosphere.SampleCountMax:128.0]]
[2024.07.07-13.27.25:139][  0]LogConfig: Setting CVar [[r.SkyAtmosphere.TransmittanceLUT.UseSmallFormat:0]]
[2024.07.07-13.27.25:139][  0]LogConfig: Setting CVar [[r.SkyAtmosphere.TransmittanceLUT.SampleCount:10.0]]
[2024.07.07-13.27.25:139][  0]LogConfig: Setting CVar [[r.SkyAtmosphere.MultiScatteringLUT.SampleCount:15.0]]
[2024.07.07-13.27.25:139][  0]LogConfig: Setting CVar [[r.SkyLight.RealTimeReflectionCapture:1]]
[2024.07.07-13.27.25:139][  0]LogConfig: Applying CVar settings from Section [FoliageQuality@3] File [D:/Confidential/Kingdom/KingdomArmy/Saved/Config/Windows/Scalability.ini]
[2024.07.07-13.27.25:139][  0]LogConfig: Setting CVar [[foliage.DensityScale:1.0]]
[2024.07.07-13.27.25:139][  0]LogConfig: Setting CVar [[grass.DensityScale:1.0]]
[2024.07.07-13.27.25:139][  0]LogConfig: Applying CVar settings from Section [ShadingQuality@3] File [D:/Confidential/Kingdom/KingdomArmy/Saved/Config/Windows/Scalability.ini]
[2024.07.07-13.27.25:139][  0]LogConfig: Setting CVar [[r.HairStrands.SkyLighting.IntegrationType:2]]
[2024.07.07-13.27.25:139][  0]LogConfig: Setting CVar [[r.HairStrands.SkyAO.SampleCount:4]]
[2024.07.07-13.27.25:139][  0]LogConfig: Setting CVar [[r.HairStrands.Visibility.MSAA.SamplePerPixel:4]]
[2024.07.07-13.27.25:139][  0]LogConfig: Applying CVar settings from Section [Startup] File [../../../Engine/Config/ConsoleVariables.ini]
[2024.07.07-13.27.25:144][  0]LogConfig: Setting CVar [[net.UseAdaptiveNetUpdateFrequency:0]]
[2024.07.07-13.27.25:144][  0]LogConfig: Setting CVar [[p.chaos.AllowCreatePhysxBodies:1]]
[2024.07.07-13.27.25:144][  0]LogConfig: Setting CVar [[fx.SkipVectorVMBackendOptimizations:1]]
[2024.07.07-13.27.25:144][  0]LogConfig: Applying CVar settings from Section [ConsoleVariables] File [D:/Confidential/Kingdom/KingdomArmy/Saved/Config/Windows/Engine.ini]
[2024.07.07-13.27.25:144][  0]LogConfig: Applying CVar settings from Section [ConsoleVariables] File [D:/Confidential/Kingdom/KingdomArmy/Saved/Config/Windows/Editor.ini]
[2024.07.07-13.27.25:144][  0]LogInit: Computer: WALID
[2024.07.07-13.27.25:144][  0]LogInit: User: walid
[2024.07.07-13.27.25:144][  0]LogInit: CPU Page size=4096, Cores=10
[2024.07.07-13.27.25:144][  0]LogInit: High frequency timer resolution =10.000000 MHz
[2024.07.07-13.27.25:144][  0]LogMemory: Memory total: Physical=15.6GB (16GB approx)
[2024.07.07-13.27.25:144][  0]LogMemory: Platform Memory Stats for Windows
[2024.07.07-13.27.25:144][  0]LogMemory: Process Physical Memory: 144.79 MB used, 144.79 MB peak
[2024.07.07-13.27.25:144][  0]LogMemory: Process Virtual Memory: 127.86 MB used, 127.86 MB peak
[2024.07.07-13.27.25:144][  0]LogMemory: Physical Memory: 8047.24 MB used,  7957.93 MB free, 16005.17 MB total
[2024.07.07-13.27.25:144][  0]LogMemory: Virtual Memory: 134196512.00 MB used,  21213.22 MB free, 134217728.00 MB total
[2024.07.07-13.27.25:148][  0]LogWindows: WindowsPlatformFeatures enabled
[2024.07.07-13.27.25:398][  0]LogInit: Physics initialised using underlying interface: PhysX
[2024.07.07-13.27.25:399][  0]LogInit: Using OS detected language (en-US).
[2024.07.07-13.27.25:399][  0]LogInit: Using OS detected locale (en-AE).
[2024.07.07-13.27.25:400][  0]LogTextLocalizationManager: No specific localization for 'en-US' exists, so the 'en' localization will be used.
[2024.07.07-13.27.25:689][  0]LogInit: Setting process to per monitor DPI aware
[2024.07.07-13.27.25:711][  0]LogWindowsTextInputMethodSystem: Display: IME system deactivated.
[2024.07.07-13.27.25:764][  0]LogSlate: New Slate User Created.  User Index 0, Is Virtual User: 0
[2024.07.07-13.27.25:764][  0]LogSlate: Slate User Registered.  User Index 0, Is Virtual User: 0
[2024.07.07-13.27.27:718][  0]LogD3D11RHI: Loaded GFSDK_Aftermath_Lib.x64.dll
[2024.07.07-13.27.27:743][  0]LogHMD: Failed to initialize OpenVR with code 110
[2024.07.07-13.27.27:743][  0]LogD3D11RHI: D3D11 min allowed feature level: 11_0
[2024.07.07-13.27.27:743][  0]LogD3D11RHI: D3D11 max allowed feature level: 11_0
[2024.07.07-13.27.27:743][  0]LogD3D11RHI: D3D11 adapters:
[2024.07.07-13.27.27:842][  0]LogD3D11RHI:    0. 'NVIDIA GeForce RTX 3070 Laptop GPU' (Feature Level 11_0)
[2024.07.07-13.27.27:842][  0]LogD3D11RHI:       8020/0/8002 MB DedicatedVideo/DedicatedSystem/SharedSystem, Outputs:1, VendorId:0x10de
[2024.07.07-13.27.27:874][  0]LogD3D11RHI:    1. 'Intel(R) UHD Graphics' (Feature Level 11_0)
[2024.07.07-13.27.27:874][  0]LogD3D11RHI:       128/0/8002 MB DedicatedVideo/DedicatedSystem/SharedSystem, Outputs:0, VendorId:0x8086
[2024.07.07-13.27.27:877][  0]LogD3D11RHI:    2. 'Microsoft Basic Render Driver' (Feature Level 11_0)
[2024.07.07-13.27.27:877][  0]LogD3D11RHI:       0/0/8002 MB DedicatedVideo/DedicatedSystem/SharedSystem, Outputs:0, VendorId:0x1414
[2024.07.07-13.27.27:877][  0]LogD3D11RHI: Chosen D3D11 Adapter:
[2024.07.07-13.27.27:877][  0]LogD3D11RHI:     Description : NVIDIA GeForce RTX 3070 Laptop GPU
[2024.07.07-13.27.27:877][  0]LogD3D11RHI:     VendorId    : 10de
[2024.07.07-13.27.27:877][  0]LogD3D11RHI:     DeviceId    : 249d
[2024.07.07-13.27.27:877][  0]LogD3D11RHI:     SubSysId    : 136d1043
[2024.07.07-13.27.27:877][  0]LogD3D11RHI:     Revision    : 00a1
[2024.07.07-13.27.27:877][  0]LogD3D11RHI:     DedicatedVideoMemory : 8409579520 bytes
[2024.07.07-13.27.27:877][  0]LogD3D11RHI:     DedicatedSystemMemory : 0 bytes
[2024.07.07-13.27.27:877][  0]LogD3D11RHI:     SharedSystemMemory : 8391317504 bytes
[2024.07.07-13.27.27:877][  0]LogD3D11RHI:     AdapterLuid : 0 56632
[2024.07.07-13.27.27:885][  0]LogD3D11RHI: Creating new Direct3DDevice
[2024.07.07-13.27.27:885][  0]LogD3D11RHI:     GPU DeviceId: 0x249d (for the marketing name, search the web for "GPU Device Id")
[2024.07.07-13.27.27:885][  0]LogWindows: EnumDisplayDevices:
[2024.07.07-13.27.27:885][  0]LogWindows:    0. 'Intel(R) UHD Graphics' (P:1 D:1)
[2024.07.07-13.27.27:885][  0]LogWindows:    1. 'Intel(R) UHD Graphics' (P:0 D:0)
[2024.07.07-13.27.27:885][  0]LogWindows:    2. 'Intel(R) UHD Graphics' (P:0 D:0)
[2024.07.07-13.27.27:886][  0]LogWindows:    3. 'Intel(R) UHD Graphics' (P:0 D:0)
[2024.07.07-13.27.27:886][  0]LogWindows:    4. 'NVIDIA GeForce RTX 3070 Laptop GPU' (P:0 D:0)
[2024.07.07-13.27.27:886][  0]LogWindows:    5. 'NVIDIA GeForce RTX 3070 Laptop GPU' (P:0 D:0)
[2024.07.07-13.27.27:887][  0]LogWindows:    6. 'NVIDIA GeForce RTX 3070 Laptop GPU' (P:0 D:0)
[2024.07.07-13.27.27:887][  0]LogWindows:    7. 'NVIDIA GeForce RTX 3070 Laptop GPU' (P:0 D:0)
[2024.07.07-13.27.27:887][  0]LogWindows: DebugString: PrimaryIsNotTheChoosenAdapter PrimaryIsNotTheChoosenAdapter PrimaryIsNotTheChoosenAdapter PrimaryIsNotTheChoosenAdapter FoundDriverCount:4 
[2024.07.07-13.27.27:887][  0]LogD3D11RHI:     Adapter Name: NVIDIA GeForce RTX 3070 Laptop GPU
[2024.07.07-13.27.27:887][  0]LogD3D11RHI:   Driver Version: 555.99 (internal:32.0.15.5599, unified:555.99)
[2024.07.07-13.27.27:887][  0]LogD3D11RHI:      Driver Date: 6-1-2024
[2024.07.07-13.27.27:887][  0]LogRHI: Texture pool is 5614 MB (70% of 8020 MB)
[2024.07.07-13.27.27:887][  0]LogD3D11RHI: Creating D3DDevice using adapter:
[2024.07.07-13.27.27:887][  0]LogD3D11RHI:     Description : NVIDIA GeForce RTX 3070 Laptop GPU
[2024.07.07-13.27.27:887][  0]LogD3D11RHI:     VendorId    : 10de
[2024.07.07-13.27.27:887][  0]LogD3D11RHI:     DeviceId    : 249d
[2024.07.07-13.27.27:887][  0]LogD3D11RHI:     SubSysId    : 136d1043
[2024.07.07-13.27.27:887][  0]LogD3D11RHI:     Revision    : 00a1
[2024.07.07-13.27.27:887][  0]LogD3D11RHI:     DedicatedVideoMemory : 8409579520 bytes
[2024.07.07-13.27.27:887][  0]LogD3D11RHI:     DedicatedSystemMemory : 0 bytes
[2024.07.07-13.27.27:887][  0]LogD3D11RHI:     SharedSystemMemory : 8391317504 bytes
[2024.07.07-13.27.27:887][  0]LogD3D11RHI:     AdapterLuid : 0 56632
[2024.07.07-13.27.27:946][  0]LogD3D11RHI: RHI has support for 64 bit atomics
[2024.07.07-13.27.27:946][  0]LogD3D11RHI: Async texture creation enabled
[2024.07.07-13.27.27:946][  0]LogD3D11RHI: Array index from any shader is supported
[2024.07.07-13.27.27:959][  0]LogD3D11RHI: GPU Timing Frequency: 1000.000000 (Debug: 2 1)
[2024.07.07-13.27.28:063][  0]LogRHI: GeForceNow SDK initialized: 1
[2024.07.07-13.27.28:647][  0]LogTargetPlatformManager: Display: Loaded TargetPlatform 'AllDesktop'
[2024.07.07-13.27.28:678][  0]LogTargetPlatformManager: Display: Loaded TargetPlatform 'Android'
[2024.07.07-13.27.28:678][  0]LogTargetPlatformManager: Display: Loaded TargetPlatform 'Android_ASTC'
[2024.07.07-13.27.28:678][  0]LogTargetPlatformManager: Display: Loaded TargetPlatform 'Android_DXT'
[2024.07.07-13.27.28:678][  0]LogTargetPlatformManager: Display: Loaded TargetPlatform 'Android_ETC2'
[2024.07.07-13.27.28:678][  0]LogTargetPlatformManager: Display: Loaded TargetPlatform 'AndroidClient'
[2024.07.07-13.27.28:678][  0]LogTargetPlatformManager: Display: Loaded TargetPlatform 'Android_ASTCClient'
[2024.07.07-13.27.28:678][  0]LogTargetPlatformManager: Display: Loaded TargetPlatform 'Android_DXTClient'
[2024.07.07-13.27.28:678][  0]LogTargetPlatformManager: Display: Loaded TargetPlatform 'Android_ETC2Client'
[2024.07.07-13.27.28:678][  0]LogTargetPlatformManager: Display: Loaded TargetPlatform 'Android_Multi'
[2024.07.07-13.27.28:678][  0]LogTargetPlatformManager: Display: Loaded TargetPlatform 'Android_MultiClient'
[2024.07.07-13.27.28:737][  0]LogTargetPlatformManager: Display: Loaded TargetPlatform 'IOSClient'
[2024.07.07-13.27.28:737][  0]LogTargetPlatformManager: Display: Loaded TargetPlatform 'IOS'
[2024.07.07-13.27.28:771][  0]LogTargetPlatformManager: Display: Loaded TargetPlatform 'Linux'
[2024.07.07-13.27.28:790][  0]LogTargetPlatformManager: Display: Loaded TargetPlatform 'LinuxNoEditor'
[2024.07.07-13.27.28:809][  0]LogTargetPlatformManager: Display: Loaded TargetPlatform 'LinuxClient'
[2024.07.07-13.27.28:828][  0]LogTargetPlatformManager: Display: Loaded TargetPlatform 'LinuxServer'
[2024.07.07-13.27.28:856][  0]LogTargetPlatformManager: Display: Loaded TargetPlatform 'LinuxAArch64NoEditor'
[2024.07.07-13.27.28:874][  0]LogTargetPlatformManager: Display: Loaded TargetPlatform 'LinuxAArch64Client'
[2024.07.07-13.27.28:893][  0]LogTargetPlatformManager: Display: Loaded TargetPlatform 'LinuxAArch64Server'
[2024.07.07-13.27.28:927][  0]LogTargetPlatformManager: Display: Loaded TargetPlatform 'Lumin'
[2024.07.07-13.27.28:927][  0]LogTargetPlatformManager: Display: Loaded TargetPlatform 'LuminClient'
[2024.07.07-13.27.28:956][  0]LogTargetPlatformManager: Display: Loaded TargetPlatform 'MacNoEditor'
[2024.07.07-13.27.28:973][  0]LogTargetPlatformManager: Display: Loaded TargetPlatform 'Mac'
[2024.07.07-13.27.28:991][  0]LogTargetPlatformManager: Display: Loaded TargetPlatform 'MacClient'
[2024.07.07-13.27.29:009][  0]LogTargetPlatformManager: Display: Loaded TargetPlatform 'MacServer'
[2024.07.07-13.27.29:027][  0]LogTargetPlatformManager: Display: Loaded TargetPlatform 'TVOSClient'
[2024.07.07-13.27.29:027][  0]LogTargetPlatformManager: Display: Loaded TargetPlatform 'TVOS'
[2024.07.07-13.27.29:050][  0]LogTargetPlatformManager: Display: Loaded TargetPlatform 'WindowsNoEditor'
[2024.07.07-13.27.29:069][  0]LogTargetPlatformManager: Display: Loaded TargetPlatform 'Windows'
[2024.07.07-13.27.29:089][  0]LogTargetPlatformManager: Display: Loaded TargetPlatform 'WindowsClient'
[2024.07.07-13.27.29:108][  0]LogTargetPlatformManager: Display: Loaded TargetPlatform 'WindowsServer'
[2024.07.07-13.27.29:109][  0]LogTargetPlatformManager: Display: Building Assets For Windows
[2024.07.07-13.27.29:180][  0]LogAudioDebug: Display: Lib vorbis DLL was dynamically loaded.
[2024.07.07-13.27.29:390][  0]LogTextureFormatOodle: Display: Oodle Texture 2.9.0 init RDO Off
[2024.07.07-13.27.29:671][  0]LogRendererCore: Ray tracing is disabled. Reason: r.RayTracing=0.
[2024.07.07-13.27.29:671][  0]LogShaderCompilers: Guid format shader working directory is -31 characters bigger than the processId version (../../../../../../Confidential/Kingdom/KingdomArmy/Intermediate/Shaders/WorkingDirectory/16820/).
[2024.07.07-13.27.29:671][  0]LogShaderCompilers: Cleaned the shader compiler working directory 'C:/TEMP/UnrealShaderWorkingDir/004FFA2945E8E8A74006949672788D47/'.
[2024.07.07-13.27.29:672][  0]LogXGEController: Cannot use XGE Controller as Incredibuild is not installed on this machine.
[2024.07.07-13.27.29:672][  0]LogShaderCompilers: Cannot use XGE Shader Compiler as Incredibuild is not installed on this machine.
[2024.07.07-13.27.29:672][  0]LogShaderCompilers: Display: Using Local Shader Compiler.
[2024.07.07-13.27.32:158][  0]LogDerivedDataCache: Display: Max Cache Size: 512 MB
[2024.07.07-13.27.32:263][  0]LogDerivedDataCache: Loaded boot cache 0.11s 94MB C:/Users/walid/AppData/Local/UnrealEngine/4.27/DerivedDataCache/Boot.ddc.
[2024.07.07-13.27.32:263][  0]LogDerivedDataCache: Display: Loaded Boot cache: C:/Users/walid/AppData/Local/UnrealEngine/4.27/DerivedDataCache/Boot.ddc
[2024.07.07-13.27.32:263][  0]LogDerivedDataCache: FDerivedDataBackendGraph:  Pak pak cache file ../../../../../../Confidential/Kingdom/KingdomArmy/DerivedDataCache/DDC.ddp not found, will not use a pak cache.
[2024.07.07-13.27.32:263][  0]LogDerivedDataCache: Unable to find inner node Pak for hierarchical cache Hierarchy.
[2024.07.07-13.27.32:263][  0]LogDerivedDataCache: FDerivedDataBackendGraph:  CompressedPak pak cache file ../../../../../../Confidential/Kingdom/KingdomArmy/DerivedDataCache/Compressed.ddp not found, will not use a pak cache.
[2024.07.07-13.27.32:263][  0]LogDerivedDataCache: Unable to find inner node CompressedPak for hierarchical cache Hierarchy.
[2024.07.07-13.27.32:286][  0]LogDerivedDataCache: Display: Pak cache opened for reading ../../../Engine/DerivedDataCache/Compressed.ddp.
[2024.07.07-13.27.32:286][  0]LogDerivedDataCache: FDerivedDataBackendGraph:  EnterprisePak pak cache file ../../../Enterprise/DerivedDataCache/Compressed.ddp not found, will not use a pak cache.
[2024.07.07-13.27.32:286][  0]LogDerivedDataCache: Unable to find inner node EnterprisePak for hierarchical cache Hierarchy.
[2024.07.07-13.27.32:331][  0]LogDerivedDataCache: Speed tests for C:/Users/walid/AppData/Local/UnrealEngine/Common/DerivedDataCache took 0.04 seconds
[2024.07.07-13.27.32:331][  0]LogDerivedDataCache: Display: Performance to C:/Users/walid/AppData/Local/UnrealEngine/Common/DerivedDataCache: Latency=0.07ms. RandomReadSpeed=23.08MBs, RandomWriteSpeed=277.84MBs. Assigned SpeedClass 'Local'
[2024.07.07-13.27.32:332][  0]LogDerivedDataCache: Using Local data cache path C:/Users/walid/AppData/Local/UnrealEngine/Common/DerivedDataCache: Writable
[2024.07.07-13.27.32:332][  0]LogDerivedDataCache: Shared data cache path not found in *engine.ini, will not use an Shared cache.
[2024.07.07-13.27.32:332][  0]LogDerivedDataCache: Unable to find inner node Shared for hierarchical cache Hierarchy.
[2024.07.07-13.27.32:361][  0]LogSlate: Using FreeType 2.10.0
[2024.07.07-13.27.32:375][  0]LogSlate: SlateFontServices - WITH_FREETYPE: 1, WITH_HARFBUZZ: 1
[2024.07.07-13.27.32:483][  0]LogAssetRegistry: FAssetRegistry took 0.0021 seconds to start up
[2024.07.07-13.27.32:620][  0]LogInit: Selected Device Profile: [Windows]
[2024.07.07-13.27.32:620][  0]LogInit: Active device profile: [000002170D8BEE00][000002170B601100 49] Windows
[2024.07.07-13.27.32:620][  0]LogInit: Profiles: [000002170D8BEE00][000002170B601100 49] Windows, [000002170D865A00][000002170B609280 49] WindowsNoEditor, [000002170D8BE100][000002170B60D400 49] WindowsServer, [000002170D866600][000002170B611580 49] WindowsClient, [000002170D8BF600][000002170B615700 49] IOS, [000002170D864B00][000002170B619880 49] iPadAir, [000002170D8BC200][000002170B61DA00 49] iPadAir2, [000002170D818F00][000002170B624140 49] IPadPro, [000002170D819000][000002170B620180 49] iPadAir3, [000002170D867500][000002170B628300 49] iPadAir4, [000002170D819C00][000002170B62C480 49] iPadMini2, [000002170D865900][000002170B630600 49] iPadMini3, [000002170D81B700][000002170B604740 49] iPadMini4, [000002170D867000][000002170B634880 49] iPadMini5, [000002170D858700][000002170B63CAC0 49] iPhone6, [000002170D858800][000002170B638B00 49] iPodTouch6, [000002170D8BD600][000002170B648DC0 49] iPhone7, [000002170D8BD900][000002170B644E00 49] iPodTouch7, [000002170D858100][000002170B64CF80 49] iPhone5S, [000002170D818400][000002170B651100 49] iPhone6Plus, [000002170D85B900][000002170B655280 49] iPhone6S, [000002170D819100][000002170B659400 49] iPhone6SPlus, [000002170D85A200][000002170B65D580 49] iPhone7Plus, [000002170D818500][000002170B661700 49] iPhoneSE, [000002170D85B800][000002170B665880 49] iPhone8, [000002170D81AC00][000002170B669A00 49] iPhone8Plus, [000002170D8BEA00][000002170B66DB80 49] iPhoneX, [000002170D819A00][000002170C05E180 49] iPhoneXS, [000002170D8BE000][000002170C062300 49] iPhoneXSMax, [000002170D81B800][000002170C066480 49] iPhoneXR, [000002170D8BC800][000002170C06A600 49] iPhone11, [000002170D81BA00][000002170C06E780 49] iPhone11Pro, [000002170D8BC300][000002170C072900 49] iPhone11ProMax, [000002170D81BD00][000002170B640A40 49] iPhoneSE2, [000002170D8BF800][000002170C076B80 49] iPhone12Mini, [000002170D81AB00][000002170C07ACC0 49] iPhone12, [000002170D8BF300][000002170C082E40 49] iPhone12Pro, [000002170D818200][000002170C086FC0 49] iPhone12ProMax, [000002170D8BED00][000002170C08B140 49] iPadPro105, [000002170D818900][000002170C08F2C0 49] iPadPro129, [000002170D8BDD00][000002170C093440 49] iPadPro97, [000002170D819E00][000002170C0975C0 49] iPadPro2_129, [000002170D8BDF00][000002170C09B740 49] iPad5, [000002170D81B500][000002170C09F8C0 49] iPad6, [000002170D8BD500][000002170C0A3A40 49] iPad7, [000002170D81B400][000002170C0A7BC0 49] iPad8, [000002170D8BF700][000002170C0AA1C0 49] iPadPro11, [000002170D819D00][000002170C0AE340 49] iPadPro2_11, [000002170D8BDB00][000002170C0B24C0 49] iPadPro3_129, [000002170D81BE00][000002170C0B6640 49] iPadPro4_129, [000002170D8BFB00][000002170C0BA7C0 49] AppleTV, [000002170D818300][000002170C0BE940 49] AppleTV4K, [000002170D8BCE00][000002170C0C2AC0 49] TVOS, [000002170D81AE00][000002170C07EC00 49] Mac, [000002170D8BFC00][000002170C0C6D40 49] MacClient, [000002170D819900][000002170C0CAE80 49] MacNoEditor, [000002170D8BD100][000002170C0CEFC0 49] MacServer, [000002170D819700][000002170C0D7140 49] Linux, [000002170D8BF900][000002170C0DB2C0 49] LinuxAArch64, [000002170D81BB00][000002170C0DF440 49] LinuxNoEditor, [000002170D8BE300][000002170C0E35C0 49] LinuxAArch64NoEditor, [000002170D818D00][000002170C0E7740 49] LinuxClient, [000002170D8BD000][000002170C0EB8C0 49] LinuxAArch64Client, [000002170D818600][000002170C0EFA40 49] LinuxServer, [000002170D8BDA00][000002170C0F3BC0 49] LinuxAArch64Server, [000002170D819F00][000002170C0F61C0 49] Android, [000002170D8BE500][000002170C0FA340 49] Android_Low, [000002170D81AD00][000002170C0FE4C0 49] Android_Mid, [000002170D8BF100][000002170C102640 49] Android_High, [000002170D81B100][000002170C1067C0 49] Android_Default, [000002170D8BD800][000002170C10A940 49] Android_Adreno4xx, [000002170D81B200][000002170C10EAC0 49] Android_Adreno5xx_Low, [000002170D864D00][000002170C112C40 49] Android_Adreno5xx, [000002170D859D00][000002170C0D2D80 49] Android_Adreno6xx, [000002170D867400][000002170C136EC0 49] Android_Adreno6xx_Vulkan, [000002170D859200][000002170C157000 49] Android_Mali_T6xx, [000002170D865E00][000002170C18F140 49] Android_Mali_T7xx, [000002170D859500][000002170C1972C0 49] Android_Mali_T8xx, [000002170D864F00][000002170C1D7440 49] Android_Mali_G71, [000002170D85A600][000002170C1DB5C0 49] Android_Mali_G72, [000002170D865300][000002170C22B740 49] Android_Mali_G72_Vulkan, [000002170D85AC00][000002170C22F8C0 49] Android_Mali_G76, [000002170D867200][000002170C28FA40 49] Android_Mali_G76_Vulkan, [000002170D858E00][000002170C293BC0 49] Android_Mali_G77, [000002170D864E00][000002170C2961C0 49] Android_Mali_G77_Vulkan, [000002170D859C00][000002170C29A340 49] Android_Mali_G78, [000002170D866500][000002170BA904C0 49] Android_Mali_G78_Vulkan, [000002170D85B000][000002170BA94640 49] Android_Mali_G710, [000002170D867D00][000002170BA987C0 49] Android_Mali_G710_Vulkan, [000002170D85B600][000002170BA9C940 49] Android_Vulkan_SM5, [000002170D866200][000002170BAA0AC0 49] Android_PowerVR_G6xxx, [000002170D85B300][000002170BAA4C40 49] Android_PowerVR_GT7xxx, [000002170D867E00][000002170BAA8DC0 49] Android_PowerVR_GE8xxx, [000002170D858900][000002170BAACF40 49] Android_PowerVR_GM9xxx, [000002170D867300][000002170C193080 49] Android_PowerVR_GM9xxx_Vulkan, [000002170D85A700][000002170BAB11C0 49] Android_TegraK1, [000002170D865F00][000002170BAB5300 49] Android_Unknown_Vulkan, [000002170D859800][000002170BABD480 49] Lumin, [000002170D819200][000002170BAC1600 49] Lumin_Desktop, [000002170D859700][000002170BAC5780 49] HoloLens, 
[2024.07.07-13.27.33:028][  0]LogMeshReduction: Using QuadricMeshReduction for automatic static mesh reduction
[2024.07.07-13.27.33:028][  0]LogMeshReduction: Using SimplygonMeshReduction for automatic skeletal mesh reduction
[2024.07.07-13.27.33:028][  0]LogMeshReduction: Using ProxyLODMeshReduction for automatic mesh merging
[2024.07.07-13.27.33:028][  0]LogMeshReduction: No distributed automatic mesh merging module available
[2024.07.07-13.27.33:028][  0]LogMeshMerging: No distributed automatic mesh merging module available
[2024.07.07-13.27.33:065][  0]LogNetVersion: KingdomArmy 1.0.0, NetCL: 17155196, EngineNetVer: 17, GameNetVer: 0 (Checksum: 3607235975)
[2024.07.07-13.27.34:340][  0]LogTexture: Default maximum texture size for cubemaps generated from long-lat sources has been changed from 512 to unlimited. In order to preserve old behaiour for '/Engine/MapTemplates/Sky/DaylightAmbientCubemap.DaylightAmbientCubemap', its maximum texture size has been explicitly set to 512.
[2024.07.07-13.27.34:414][  0]LogHMD: PokeAHoleMaterial loaded successfully
[2024.07.07-13.27.34:419][  0]LogUObjectArray: 17178 objects as part of root set at end of initial load.
[2024.07.07-13.27.34:419][  0]LogUObjectAllocator: 4302048 out of 0 bytes used by permanent object pool.
[2024.07.07-13.27.34:419][  0]LogUObjectArray: CloseDisregardForGC: 0/0 objects in disregard for GC pool
[2024.07.07-13.27.36:241][  0]LogPython: Using Python 3.7.7
[2024.07.07-13.27.36:791][  0]LogTcpMessaging: Initializing TcpMessaging bridge
[2024.07.07-13.27.36:818][  0]LogUdpMessaging: Initializing bridge on interface 0.0.0.0:0 to multicast group 230.0.0.1:6666.
[2024.07.07-13.27.37:085][  0]LogNiagaraDebuggerClient: Niagara Debugger Client Initialized | Session: EB8B72ED40A28085CBD102A4BB5F1D96 | Instance: EC16C6E647FA1221607A99B9990FB169 (WALID-16820).
[2024.07.07-13.27.37:775][  0]SourceControl: Source control is disabled
[2024.07.07-13.27.37:775][  0]SourceControl: Source control is disabled
[2024.07.07-13.27.37:844][  0]SourceControl: Source control is disabled
[2024.07.07-13.27.37:885][  0]SourceControl: Source control is disabled
[2024.07.07-13.27.37:909][  0]SourceControl: Source control is disabled
[2024.07.07-13.27.38:055][  0]LogUProjectInfo: Found projects:
[2024.07.07-13.27.38:834][  0]LogOpenImageDenoise: OIDN starting up
[2024.07.07-13.27.39:348][  0]LogAndroidPermission: UAndroidPermissionCallbackProxy::GetInstance
[2024.07.07-13.27.39:430][  0]LogAudioCaptureCore: Display: No Audio Capture implementations found. Audio input will be silent.
[2024.07.07-13.27.39:430][  0]LogAudioCaptureCore: Display: No Audio Capture implementations found. Audio input will be silent.
[2024.07.07-13.27.39:943][  0]LogCollectionManager: Loaded 0 collections in 0.000448 seconds
[2024.07.07-13.27.40:047][  0]LogFileCache: Scanning file cache for directory 'D:/Confidential/Kingdom/KingdomArmy/Saved/Collections/' took 0.00s
[2024.07.07-13.27.40:047][  0]LogFileCache: Scanning file cache for directory 'D:/Confidential/Kingdom/KingdomArmy/Content/Developers/walid/Collections/' took 0.00s
[2024.07.07-13.27.40:047][  0]LogFileCache: Scanning file cache for directory 'D:/Confidential/Kingdom/KingdomArmy/Content/Collections/' took 0.00s
[2024.07.07-13.27.40:047][  0]LogOcInput: OculusInput pre-init called
[2024.07.07-13.27.40:383][  0]LogEngine: Initializing Engine...
[2024.07.07-13.27.40:436][  0]LogHMD: Failed to enumerate extensions. Please check that you have a valid OpenXR runtime installed.
[2024.07.07-13.27.40:437][  0]LogHMD: Failed to initialize OpenVR with code 110
[2024.07.07-13.27.40:437][  0]LogMagicLeap: Warning: VR disabled because ZI is not enabled.  To enable, in the editor, Edit -> Project Settings -> Plugins -> Magic Leap Plugin -> Enable Zero Iteration
[2024.07.07-13.27.40:437][  0]LogStats: UGameplayTagsManager::InitializeManager -  0.000 s
[2024.07.07-13.27.40:653][  0]LogInit: Initializing FReadOnlyCVARCache
[2024.07.07-13.27.40:686][  0]LogAIModule: Creating AISystem for world Untitled
[2024.07.07-13.27.40:686][  0]LogAudio: Display: Initializing Audio Device Manager...
[2024.07.07-13.27.40:708][  0]LogAudio: Display: Loading Default Audio Settings Objects...
[2024.07.07-13.27.40:708][  0]LogAudio: Display: No default SoundConcurrencyObject specified (or failed to load).
[2024.07.07-13.27.40:709][  0]LogAudio: Display: Audio Device Manager Initialized
[2024.07.07-13.27.40:709][  0]LogAudio: Display: Creating Audio Device:                 Id: 1, Scope: Shared, Realtime: True
[2024.07.07-13.27.40:709][  0]LogAudioMixer: Display: Audio Mixer Platform Settings:
[2024.07.07-13.27.40:709][  0]LogAudioMixer: Display: 	Sample Rate:						  48000
[2024.07.07-13.27.40:709][  0]LogAudioMixer: Display: 	Callback Buffer Frame Size Requested: 1024
[2024.07.07-13.27.40:709][  0]LogAudioMixer: Display: 	Callback Buffer Frame Size To Use:	  1024
[2024.07.07-13.27.40:709][  0]LogAudioMixer: Display: 	Number of buffers to queue:			  2
[2024.07.07-13.27.40:709][  0]LogAudioMixer: Display: 	Max Channels (voices):				  32
[2024.07.07-13.27.40:709][  0]LogAudioMixer: Display: 	Number of Async Source Workers:		  0
[2024.07.07-13.27.40:709][  0]LogAudio: Display: AudioDevice MaxSources: 32
[2024.07.07-13.27.40:709][  0]LogAudio: Display: Audio Spatialization Plugin: None (built-in).
[2024.07.07-13.27.40:709][  0]LogAudio: Display: Audio Reverb Plugin: None (built-in).
[2024.07.07-13.27.40:709][  0]LogAudio: Display: Audio Occlusion Plugin: None (built-in).
[2024.07.07-13.27.40:709][  0]LogAudioMixer: Display: Initializing audio mixer.
[2024.07.07-13.27.40:716][  0]LogAudioMixer: Display: 0: FrontLeft
[2024.07.07-13.27.40:716][  0]LogAudioMixer: Display: 1: FrontRight
[2024.07.07-13.27.40:781][  0]LogAudioMixer: Display: Using Audio Device Speakers (C-Media(R) Audio)
[2024.07.07-13.27.40:782][  0]LogAudioMixer: Display: Initializing Sound Submixes...
[2024.07.07-13.27.40:792][  0]LogAudioMixer: Display: Creating Master Submix 'MasterSubmixDefault'
[2024.07.07-13.27.40:792][  0]LogAudioMixer: Display: Creating Master Submix 'MasterReverbSubmixDefault'
[2024.07.07-13.27.40:793][  0]LogAudioMixer: Display: Creating Master Submix 'MasterEQSubmixDefault'
[2024.07.07-13.27.40:793][  0]LogAudioMixer: FMixerPlatformXAudio2::StartAudioStream() called
[2024.07.07-13.27.40:793][  0]LogAudioMixer: Display: Output buffers initialized: Frames=1024, Channels=2, Samples=2048
[2024.07.07-13.27.40:794][  0]LogAudioMixer: Display: Starting AudioMixerPlatformInterface::RunInternal()
[2024.07.07-13.27.40:794][  0]LogAudioMixer: Display: FMixerPlatformXAudio2::SubmitBuffer() called for the first time
[2024.07.07-13.27.40:794][  0]LogInit: FAudioDevice initialized.
[2024.07.07-13.27.40:794][  0]LogAudio: Display: Audio Device (ID: 1) registered with world 'Untitled'.
[2024.07.07-13.27.40:794][  0]LogNetVersion: Set ProjectVersion to 1.0.0.0. Version Checksum will be recalculated on next use.
[2024.07.07-13.27.40:835][  0]LogDerivedDataCache: Saved boot cache 0.04s 94MB C:/Users/walid/AppData/Local/UnrealEngine/4.27/DerivedDataCache/Boot.ddc.
[2024.07.07-13.27.40:838][  0]LogInit: Texture streaming: Enabled
[2024.07.07-13.27.40:903][  0]LogAnalytics: Display: [UEEditor.Rocket.Release] APIServer = https://datarouter.ol.epicgames.com/. AppVersion = 4.27.2-18319896+++UE4+Release-4.27
[2024.07.07-13.27.40:923][  0]LogEngineSessionManager: EngineSessionManager initialized
[2024.07.07-13.27.40:923][  0]LogEditorSessionSummary: Verbose: Initializing EditorSessionSummaryWriter for editor session tracking
[2024.07.07-13.27.40:926][  0]LogEditorSessionSummary: EditorSessionSummaryWriter initialized
[2024.07.07-13.27.40:988][  0]LogInit: Transaction tracking system initialized
[2024.07.07-13.27.41:134][  0]BlueprintLog: New page: Editor Load
[2024.07.07-13.27.41:516][  0]LocalizationService: Localization service is disabled
[2024.07.07-13.27.41:679][  0]TimingProfiler: Initialize
[2024.07.07-13.27.41:679][  0]TimingProfiler: OnSessionChanged
[2024.07.07-13.27.41:679][  0]LoadingProfiler: Initialize
[2024.07.07-13.27.41:679][  0]LoadingProfiler: OnSessionChanged
[2024.07.07-13.27.41:679][  0]NetworkingProfiler: Initialize
[2024.07.07-13.27.41:679][  0]NetworkingProfiler: OnSessionChanged
[2024.07.07-13.27.41:679][  0]MemoryProfiler: Initialize
[2024.07.07-13.27.41:679][  0]MemoryProfiler: OnSessionChanged
[2024.07.07-13.27.42:152][  0]LogCook: Display: CookSettings for Memory: MemoryMaxUsedVirtual 0MiB, MemoryMaxUsedPhysical 16384MiB, MemoryMinFreeVirtual 0MiB, MemoryMinFreePhysical 1024MiB
[2024.07.07-13.27.42:152][  0]LogCook: Display: Mobile HDR setting 1
[2024.07.07-13.27.42:581][  0]LogFileCache: Scanning file cache for directory 'D:/Confidential/Kingdom/KingdomArmy/Content/' took 0.01s
[2024.07.07-13.27.43:256][  0]LogInit: Display: Engine is initialized. Leaving FEngineLoop::Init()
[2024.07.07-13.27.43:258][  0]SourceControl: Source control is disabled
[2024.07.07-13.27.43:393][  0]LogSlate: Took 0.006359 seconds to synchronously load lazily loaded font '../../../Engine/Content/Slate/Fonts/Roboto-Regular.ttf' (155K)
[2024.07.07-13.37.35:180][  0]LogSlate: Window 'Restore Packages' being destroyed
[2024.07.07-13.37.35:202][  0]LogUnrealEdMisc: Loading editor; pre map load, took 613.233
[2024.07.07-13.37.35:202][  0]Cmd: MAP LOAD FILE="../../../../../../Confidential/Kingdom/KingdomArmy/Content/TopDownBP/Maps/TopDownExampleMap.umap" TEMPLATE=0 SHOWPROGRESS=1 FEATURELEVEL=3
[2024.07.07-13.37.35:203][  0]LightingResults: New page: Lighting Build
[2024.07.07-13.37.35:205][  0]LogWorld: UWorld::CleanupWorld for Untitled, bSessionEnded=true, bCleanupResources=true
[2024.07.07-13.37.35:205][  0]LogSlate: InvalidateAllWidgets triggered.  All widgets were invalidated
[2024.07.07-13.37.35:205][  0]MapCheck: New page: Map Check
[2024.07.07-13.37.35:205][  0]LightingResults: New page: Lighting Build
[2024.07.07-13.37.35:211][  0]LogAudio: Display: Audio Device unregistered from world 'None'.
[2024.07.07-13.37.35:215][  0]LogUObjectHash: Compacting FUObjectHashTables data took   0.77ms
[2024.07.07-13.37.35:452][  0]LogBlueprint: Error: [AssetLog] D:\Confidential\Kingdom\KingdomArmy\Content\TopDownBP\Blueprints\TopDownArmy.uasset: [Compiler] In use pin  New Param  no longer exists on node  MoveTo_Event . Please refresh node or break links to remove pin.
[2024.07.07-13.37.35:454][  0]LogBlueprint: Error: [AssetLog] D:\Confidential\Kingdom\KingdomArmy\Content\TopDownBP\Blueprints\TopDownArmy.uasset: [Compiler] MoveTo_Event  Signature Error: Unable to find the selected function/event: 'MoveTo_Event' - has it been deleted?
[2024.07.07-13.37.35:936][  0]LogAudio: Display: Audio Device (ID: 1) registered with world 'TopDownExampleMap'.
[2024.07.07-13.37.35:937][  0]LogAIModule: Creating AISystem for world TopDownExampleMap
[2024.07.07-13.37.35:947][  0]LogEditorServer: Finished looking for orphan Actors (0.000 secs)
[2024.07.07-13.37.35:947][  0]LogNavigationDataBuild: Display:    Building NavData:  Name Default class /Script/NavigationSystem.RecastNavMesh agent radius 35.0.
[2024.07.07-13.37.35:953][  0]LogUObjectHash: Compacting FUObjectHashTables data took   0.54ms
[2024.07.07-13.37.35:953][  0]Cmd: MAP CHECKDEP NOCLEARLOG
[2024.07.07-13.37.35:954][  0]MapCheck: Map check complete: 0 Error(s), 0 Warning(s), took 0.093ms to complete.
[2024.07.07-13.37.35:954][  0]LogFileHelpers: Loading map 'TopDownExampleMap' took 0.752
[2024.07.07-13.37.35:956][  0]LogUnrealEdMisc: Total Editor Startup Time, took 613.987
[2024.07.07-13.37.36:022][  0]LogSlate: Updating window title bar state: overlay mode, drag disabled, window buttons hidden, title bar hidden
[2024.07.07-13.37.36:026][  0]LogSlate: Updating window title bar state: overlay mode, drag disabled, window buttons hidden, title bar hidden
[2024.07.07-13.37.36:030][  0]LogSlate: Updating window title bar state: overlay mode, drag disabled, window buttons hidden, title bar hidden
[2024.07.07-13.37.36:033][  0]LogSlate: Updating window title bar state: overlay mode, drag disabled, window buttons hidden, title bar hidden
[2024.07.07-13.37.36:049][  0]LogNativeClassHierarchy: Verbose: Native class hierarchy populated in 0.0068 seconds. Added 3822 classes and 928 folders.
[2024.07.07-13.37.36:053][  0]LogNativeClassHierarchy: Verbose: Native class hierarchy updated for 'WidgetCarousel' in 0.0001 seconds. Added 0 classes and 0 folders.
[2024.07.07-13.37.36:072][  0]LogPakFile: PakFile PrimaryIndexSize=187
[2024.07.07-13.37.36:072][  0]LogPakFile: PakFile PathHashIndexSize=101
[2024.07.07-13.37.36:072][  0]LogPakFile: PakFile FullDirectoryIndexSize=148
[2024.07.07-13.37.36:072][  0]LogShaderLibrary: Display: ShaderCodeLibraryPakFileMountedCallback: PakFile 'D:/Softwares/Unreal Engine 4.27/UE_4.27/FeaturePacks/FP_FirstPerson.upack' (chunk index -1, root 'root:/') mounted
[2024.07.07-13.37.36:072][  0]LogShaderLibrary: Display: ShaderCodeLibraryPakFileMountedCallback: pending pak file info (ChunkID:-1 Root:root:/ File:D:/Softwares/Unreal Engine 4.27/UE_4.27/FeaturePacks/FP_FirstPerson.upack)
[2024.07.07-13.37.36:072][  0]LogPakFile: OnPakFileMounted2Time == 0.000042
[2024.07.07-13.37.36:080][  0]LogPakFile: PakFile PrimaryIndexSize=189
[2024.07.07-13.37.36:080][  0]LogPakFile: PakFile PathHashIndexSize=101
[2024.07.07-13.37.36:080][  0]LogPakFile: PakFile FullDirectoryIndexSize=152
[2024.07.07-13.37.36:080][  0]LogShaderLibrary: Display: ShaderCodeLibraryPakFileMountedCallback: PakFile 'D:/Softwares/Unreal Engine 4.27/UE_4.27/FeaturePacks/FP_FirstPersonBP.upack' (chunk index -1, root 'root:/') mounted
[2024.07.07-13.37.36:080][  0]LogShaderLibrary: Display: ShaderCodeLibraryPakFileMountedCallback: pending pak file info (ChunkID:-1 Root:root:/ File:D:/Softwares/Unreal Engine 4.27/UE_4.27/FeaturePacks/FP_FirstPersonBP.upack)
[2024.07.07-13.37.36:080][  0]LogPakFile: OnPakFileMounted2Time == 0.000031
[2024.07.07-13.37.36:086][  0]LogPakFile: PakFile PrimaryIndexSize=191
[2024.07.07-13.37.36:086][  0]LogPakFile: PakFile PathHashIndexSize=101
[2024.07.07-13.37.36:086][  0]LogPakFile: PakFile FullDirectoryIndexSize=160
[2024.07.07-13.37.36:086][  0]LogShaderLibrary: Display: ShaderCodeLibraryPakFileMountedCallback: PakFile 'D:/Softwares/Unreal Engine 4.27/UE_4.27/FeaturePacks/MobileStarterContent.upack' (chunk index -1, root 'root:/') mounted
[2024.07.07-13.37.36:086][  0]LogShaderLibrary: Display: ShaderCodeLibraryPakFileMountedCallback: pending pak file info (ChunkID:-1 Root:root:/ File:D:/Softwares/Unreal Engine 4.27/UE_4.27/FeaturePacks/MobileStarterContent.upack)
[2024.07.07-13.37.36:086][  0]LogPakFile: OnPakFileMounted2Time == 0.000024
[2024.07.07-13.37.36:092][  0]LogPakFile: PakFile PrimaryIndexSize=185
[2024.07.07-13.37.36:092][  0]LogPakFile: PakFile PathHashIndexSize=101
[2024.07.07-13.37.36:092][  0]LogPakFile: PakFile FullDirectoryIndexSize=148
[2024.07.07-13.37.36:092][  0]LogShaderLibrary: Display: ShaderCodeLibraryPakFileMountedCallback: PakFile 'D:/Softwares/Unreal Engine 4.27/UE_4.27/FeaturePacks/StarterContent.upack' (chunk index -1, root 'root:/') mounted
[2024.07.07-13.37.36:092][  0]LogShaderLibrary: Display: ShaderCodeLibraryPakFileMountedCallback: pending pak file info (ChunkID:-1 Root:root:/ File:D:/Softwares/Unreal Engine 4.27/UE_4.27/FeaturePacks/StarterContent.upack)
[2024.07.07-13.37.36:092][  0]LogPakFile: OnPakFileMounted2Time == 0.000024
[2024.07.07-13.37.36:097][  0]LogPakFile: PakFile PrimaryIndexSize=190
[2024.07.07-13.37.36:097][  0]LogPakFile: PakFile PathHashIndexSize=101
[2024.07.07-13.37.36:097][  0]LogPakFile: PakFile FullDirectoryIndexSize=154
[2024.07.07-13.37.36:097][  0]LogShaderLibrary: Display: ShaderCodeLibraryPakFileMountedCallback: PakFile 'D:/Softwares/Unreal Engine 4.27/UE_4.27/FeaturePacks/TP_2DSideScroller.upack' (chunk index -1, root 'root:/') mounted
[2024.07.07-13.37.36:097][  0]LogShaderLibrary: Display: ShaderCodeLibraryPakFileMountedCallback: pending pak file info (ChunkID:-1 Root:root:/ File:D:/Softwares/Unreal Engine 4.27/UE_4.27/FeaturePacks/TP_2DSideScroller.upack)
[2024.07.07-13.37.36:097][  0]LogPakFile: OnPakFileMounted2Time == 0.000023
[2024.07.07-13.37.36:112][  0]LogPakFile: PakFile PrimaryIndexSize=192
[2024.07.07-13.37.36:112][  0]LogPakFile: PakFile PathHashIndexSize=101
[2024.07.07-13.37.36:112][  0]LogPakFile: PakFile FullDirectoryIndexSize=158
[2024.07.07-13.37.36:112][  0]LogShaderLibrary: Display: ShaderCodeLibraryPakFileMountedCallback: PakFile 'D:/Softwares/Unreal Engine 4.27/UE_4.27/FeaturePacks/TP_2DSideScrollerBP.upack' (chunk index -1, root 'root:/') mounted
[2024.07.07-13.37.36:112][  0]LogShaderLibrary: Display: ShaderCodeLibraryPakFileMountedCallback: pending pak file info (ChunkID:-1 Root:root:/ File:D:/Softwares/Unreal Engine 4.27/UE_4.27/FeaturePacks/TP_2DSideScrollerBP.upack)
[2024.07.07-13.37.36:112][  0]LogPakFile: OnPakFileMounted2Time == 0.000020
[2024.07.07-13.37.36:117][  0]LogPakFile: PakFile PrimaryIndexSize=182
[2024.07.07-13.37.36:117][  0]LogPakFile: PakFile PathHashIndexSize=101
[2024.07.07-13.37.36:117][  0]LogPakFile: PakFile FullDirectoryIndexSize=138
[2024.07.07-13.37.36:117][  0]LogShaderLibrary: Display: ShaderCodeLibraryPakFileMountedCallback: PakFile 'D:/Softwares/Unreal Engine 4.27/UE_4.27/FeaturePacks/TP_Flying.upack' (chunk index -1, root 'root:/') mounted
[2024.07.07-13.37.36:117][  0]LogShaderLibrary: Display: ShaderCodeLibraryPakFileMountedCallback: pending pak file info (ChunkID:-1 Root:root:/ File:D:/Softwares/Unreal Engine 4.27/UE_4.27/FeaturePacks/TP_Flying.upack)
[2024.07.07-13.37.36:117][  0]LogPakFile: OnPakFileMounted2Time == 0.000024
[2024.07.07-13.37.36:124][  0]LogPakFile: PakFile PrimaryIndexSize=184
[2024.07.07-13.37.36:125][  0]LogPakFile: PakFile PathHashIndexSize=101
[2024.07.07-13.37.36:125][  0]LogPakFile: PakFile FullDirectoryIndexSize=142
[2024.07.07-13.37.36:125][  0]LogShaderLibrary: Display: ShaderCodeLibraryPakFileMountedCallback: PakFile 'D:/Softwares/Unreal Engine 4.27/UE_4.27/FeaturePacks/TP_FlyingBP.upack' (chunk index -1, root 'root:/') mounted
[2024.07.07-13.37.36:125][  0]LogShaderLibrary: Display: ShaderCodeLibraryPakFileMountedCallback: pending pak file info (ChunkID:-1 Root:root:/ File:D:/Softwares/Unreal Engine 4.27/UE_4.27/FeaturePacks/TP_FlyingBP.upack)
[2024.07.07-13.37.36:125][  0]LogPakFile: OnPakFileMounted2Time == 0.000023
[2024.07.07-13.37.36:130][  0]LogPakFile: PakFile PrimaryIndexSize=188
[2024.07.07-13.37.36:130][  0]LogPakFile: PakFile PathHashIndexSize=101
[2024.07.07-13.37.36:130][  0]LogPakFile: PakFile FullDirectoryIndexSize=150
[2024.07.07-13.37.36:130][  0]LogShaderLibrary: Display: ShaderCodeLibraryPakFileMountedCallback: PakFile 'D:/Softwares/Unreal Engine 4.27/UE_4.27/FeaturePacks/TP_HandheldARBP.upack' (chunk index -1, root 'root:/') mounted
[2024.07.07-13.37.36:130][  0]LogShaderLibrary: Display: ShaderCodeLibraryPakFileMountedCallback: pending pak file info (ChunkID:-1 Root:root:/ File:D:/Softwares/Unreal Engine 4.27/UE_4.27/FeaturePacks/TP_HandheldARBP.upack)
[2024.07.07-13.37.36:130][  0]LogPakFile: OnPakFileMounted2Time == 0.000022
[2024.07.07-13.37.36:137][  0]LogPakFile: PakFile PrimaryIndexSize=182
[2024.07.07-13.37.36:137][  0]LogPakFile: PakFile PathHashIndexSize=101
[2024.07.07-13.37.36:137][  0]LogPakFile: PakFile FullDirectoryIndexSize=138
[2024.07.07-13.37.36:137][  0]LogShaderLibrary: Display: ShaderCodeLibraryPakFileMountedCallback: PakFile 'D:/Softwares/Unreal Engine 4.27/UE_4.27/FeaturePacks/TP_Puzzle.upack' (chunk index -1, root 'root:/') mounted
[2024.07.07-13.37.36:137][  0]LogShaderLibrary: Display: ShaderCodeLibraryPakFileMountedCallback: pending pak file info (ChunkID:-1 Root:root:/ File:D:/Softwares/Unreal Engine 4.27/UE_4.27/FeaturePacks/TP_Puzzle.upack)
[2024.07.07-13.37.36:137][  0]LogPakFile: OnPakFileMounted2Time == 0.000021
[2024.07.07-13.37.36:144][  0]LogPakFile: PakFile PrimaryIndexSize=184
[2024.07.07-13.37.36:144][  0]LogPakFile: PakFile PathHashIndexSize=101
[2024.07.07-13.37.36:144][  0]LogPakFile: PakFile FullDirectoryIndexSize=142
[2024.07.07-13.37.36:144][  0]LogShaderLibrary: Display: ShaderCodeLibraryPakFileMountedCallback: PakFile 'D:/Softwares/Unreal Engine 4.27/UE_4.27/FeaturePacks/TP_PuzzleBP.upack' (chunk index -1, root 'root:/') mounted
[2024.07.07-13.37.36:144][  0]LogShaderLibrary: Display: ShaderCodeLibraryPakFileMountedCallback: pending pak file info (ChunkID:-1 Root:root:/ File:D:/Softwares/Unreal Engine 4.27/UE_4.27/FeaturePacks/TP_PuzzleBP.upack)
[2024.07.07-13.37.36:144][  0]LogPakFile: OnPakFileMounted2Time == 0.000020
[2024.07.07-13.37.36:160][  0]LogPakFile: PakFile PrimaryIndexSize=183
[2024.07.07-13.37.36:160][  0]LogPakFile: PakFile PathHashIndexSize=101
[2024.07.07-13.37.36:160][  0]LogPakFile: PakFile FullDirectoryIndexSize=140
[2024.07.07-13.37.36:160][  0]LogShaderLibrary: Display: ShaderCodeLibraryPakFileMountedCallback: PakFile 'D:/Softwares/Unreal Engine 4.27/UE_4.27/FeaturePacks/TP_Rolling.upack' (chunk index -1, root 'root:/') mounted
[2024.07.07-13.37.36:160][  0]LogShaderLibrary: Display: ShaderCodeLibraryPakFileMountedCallback: pending pak file info (ChunkID:-1 Root:root:/ File:D:/Softwares/Unreal Engine 4.27/UE_4.27/FeaturePacks/TP_Rolling.upack)
[2024.07.07-13.37.36:160][  0]LogPakFile: OnPakFileMounted2Time == 0.000022
[2024.07.07-13.37.36:172][  0]LogPakFile: PakFile PrimaryIndexSize=185
[2024.07.07-13.37.36:173][  0]LogPakFile: PakFile PathHashIndexSize=101
[2024.07.07-13.37.36:173][  0]LogPakFile: PakFile FullDirectoryIndexSize=144
[2024.07.07-13.37.36:173][  0]LogShaderLibrary: Display: ShaderCodeLibraryPakFileMountedCallback: PakFile 'D:/Softwares/Unreal Engine 4.27/UE_4.27/FeaturePacks/TP_RollingBP.upack' (chunk index -1, root 'root:/') mounted
[2024.07.07-13.37.36:173][  0]LogShaderLibrary: Display: ShaderCodeLibraryPakFileMountedCallback: pending pak file info (ChunkID:-1 Root:root:/ File:D:/Softwares/Unreal Engine 4.27/UE_4.27/FeaturePacks/TP_RollingBP.upack)
[2024.07.07-13.37.36:173][  0]LogPakFile: OnPakFileMounted2Time == 0.000029
[2024.07.07-13.37.36:179][  0]LogPakFile: PakFile PrimaryIndexSize=188
[2024.07.07-13.37.36:179][  0]LogPakFile: PakFile PathHashIndexSize=101
[2024.07.07-13.37.36:180][  0]LogPakFile: PakFile FullDirectoryIndexSize=150
[2024.07.07-13.37.36:180][  0]LogShaderLibrary: Display: ShaderCodeLibraryPakFileMountedCallback: PakFile 'D:/Softwares/Unreal Engine 4.27/UE_4.27/FeaturePacks/TP_SideScroller.upack' (chunk index -1, root 'root:/') mounted
[2024.07.07-13.37.36:180][  0]LogShaderLibrary: Display: ShaderCodeLibraryPakFileMountedCallback: pending pak file info (ChunkID:-1 Root:root:/ File:D:/Softwares/Unreal Engine 4.27/UE_4.27/FeaturePacks/TP_SideScroller.upack)
[2024.07.07-13.37.36:180][  0]LogPakFile: OnPakFileMounted2Time == 0.000033
[2024.07.07-13.37.36:185][  0]LogPakFile: PakFile PrimaryIndexSize=190
[2024.07.07-13.37.36:185][  0]LogPakFile: PakFile PathHashIndexSize=101
[2024.07.07-13.37.36:185][  0]LogPakFile: PakFile FullDirectoryIndexSize=154
[2024.07.07-13.37.36:185][  0]LogShaderLibrary: Display: ShaderCodeLibraryPakFileMountedCallback: PakFile 'D:/Softwares/Unreal Engine 4.27/UE_4.27/FeaturePacks/TP_SideScrollerBP.upack' (chunk index -1, root 'root:/') mounted
[2024.07.07-13.37.36:185][  0]LogShaderLibrary: Display: ShaderCodeLibraryPakFileMountedCallback: pending pak file info (ChunkID:-1 Root:root:/ File:D:/Softwares/Unreal Engine 4.27/UE_4.27/FeaturePacks/TP_SideScrollerBP.upack)
[2024.07.07-13.37.36:185][  0]LogPakFile: OnPakFileMounted2Time == 0.000024
[2024.07.07-13.37.36:193][  0]LogPakFile: PakFile PrimaryIndexSize=187
[2024.07.07-13.37.36:193][  0]LogPakFile: PakFile PathHashIndexSize=101
[2024.07.07-13.37.36:193][  0]LogPakFile: PakFile FullDirectoryIndexSize=148
[2024.07.07-13.37.36:193][  0]LogShaderLibrary: Display: ShaderCodeLibraryPakFileMountedCallback: PakFile 'D:/Softwares/Unreal Engine 4.27/UE_4.27/FeaturePacks/TP_ThirdPerson.upack' (chunk index -1, root 'root:/') mounted
[2024.07.07-13.37.36:193][  0]LogShaderLibrary: Display: ShaderCodeLibraryPakFileMountedCallback: pending pak file info (ChunkID:-1 Root:root:/ File:D:/Softwares/Unreal Engine 4.27/UE_4.27/FeaturePacks/TP_ThirdPerson.upack)
[2024.07.07-13.37.36:193][  0]LogPakFile: OnPakFileMounted2Time == 0.000026
[2024.07.07-13.37.36:200][  0]LogPakFile: PakFile PrimaryIndexSize=189
[2024.07.07-13.37.36:200][  0]LogPakFile: PakFile PathHashIndexSize=101
[2024.07.07-13.37.36:200][  0]LogPakFile: PakFile FullDirectoryIndexSize=152
[2024.07.07-13.37.36:200][  0]LogShaderLibrary: Display: ShaderCodeLibraryPakFileMountedCallback: PakFile 'D:/Softwares/Unreal Engine 4.27/UE_4.27/FeaturePacks/TP_ThirdPersonBP.upack' (chunk index -1, root 'root:/') mounted
[2024.07.07-13.37.36:200][  0]LogShaderLibrary: Display: ShaderCodeLibraryPakFileMountedCallback: pending pak file info (ChunkID:-1 Root:root:/ File:D:/Softwares/Unreal Engine 4.27/UE_4.27/FeaturePacks/TP_ThirdPersonBP.upack)
[2024.07.07-13.37.36:200][  0]LogPakFile: OnPakFileMounted2Time == 0.000028
[2024.07.07-13.37.36:209][  0]LogPakFile: PakFile PrimaryIndexSize=183
[2024.07.07-13.37.36:209][  0]LogPakFile: PakFile PathHashIndexSize=101
[2024.07.07-13.37.36:209][  0]LogPakFile: PakFile FullDirectoryIndexSize=140
[2024.07.07-13.37.36:209][  0]LogShaderLibrary: Display: ShaderCodeLibraryPakFileMountedCallback: PakFile 'D:/Softwares/Unreal Engine 4.27/UE_4.27/FeaturePacks/TP_TopDown.upack' (chunk index -1, root 'root:/') mounted
[2024.07.07-13.37.36:209][  0]LogShaderLibrary: Display: ShaderCodeLibraryPakFileMountedCallback: pending pak file info (ChunkID:-1 Root:root:/ File:D:/Softwares/Unreal Engine 4.27/UE_4.27/FeaturePacks/TP_TopDown.upack)
[2024.07.07-13.37.36:209][  0]LogPakFile: OnPakFileMounted2Time == 0.000036
[2024.07.07-13.37.36:215][  0]LogPakFile: PakFile PrimaryIndexSize=185
[2024.07.07-13.37.36:215][  0]LogPakFile: PakFile PathHashIndexSize=101
[2024.07.07-13.37.36:215][  0]LogPakFile: PakFile FullDirectoryIndexSize=144
[2024.07.07-13.37.36:215][  0]LogShaderLibrary: Display: ShaderCodeLibraryPakFileMountedCallback: PakFile 'D:/Softwares/Unreal Engine 4.27/UE_4.27/FeaturePacks/TP_TopDownBP.upack' (chunk index -1, root 'root:/') mounted
[2024.07.07-13.37.36:215][  0]LogShaderLibrary: Display: ShaderCodeLibraryPakFileMountedCallback: pending pak file info (ChunkID:-1 Root:root:/ File:D:/Softwares/Unreal Engine 4.27/UE_4.27/FeaturePacks/TP_TopDownBP.upack)
[2024.07.07-13.37.36:215][  0]LogPakFile: OnPakFileMounted2Time == 0.000023
[2024.07.07-13.37.36:227][  0]LogPakFile: PakFile PrimaryIndexSize=185
[2024.07.07-13.37.36:227][  0]LogPakFile: PakFile PathHashIndexSize=101
[2024.07.07-13.37.36:227][  0]LogPakFile: PakFile FullDirectoryIndexSize=144
[2024.07.07-13.37.36:227][  0]LogShaderLibrary: Display: ShaderCodeLibraryPakFileMountedCallback: PakFile 'D:/Softwares/Unreal Engine 4.27/UE_4.27/FeaturePacks/TP_TwinStick.upack' (chunk index -1, root 'root:/') mounted
[2024.07.07-13.37.36:227][  0]LogShaderLibrary: Display: ShaderCodeLibraryPakFileMountedCallback: pending pak file info (ChunkID:-1 Root:root:/ File:D:/Softwares/Unreal Engine 4.27/UE_4.27/FeaturePacks/TP_TwinStick.upack)
[2024.07.07-13.37.36:227][  0]LogPakFile: OnPakFileMounted2Time == 0.000025
[2024.07.07-13.37.36:233][  0]LogPakFile: PakFile PrimaryIndexSize=187
[2024.07.07-13.37.36:233][  0]LogPakFile: PakFile PathHashIndexSize=101
[2024.07.07-13.37.36:233][  0]LogPakFile: PakFile FullDirectoryIndexSize=148
[2024.07.07-13.37.36:233][  0]LogShaderLibrary: Display: ShaderCodeLibraryPakFileMountedCallback: PakFile 'D:/Softwares/Unreal Engine 4.27/UE_4.27/FeaturePacks/TP_TwinStickBP.upack' (chunk index -1, root 'root:/') mounted
[2024.07.07-13.37.36:233][  0]LogShaderLibrary: Display: ShaderCodeLibraryPakFileMountedCallback: pending pak file info (ChunkID:-1 Root:root:/ File:D:/Softwares/Unreal Engine 4.27/UE_4.27/FeaturePacks/TP_TwinStickBP.upack)
[2024.07.07-13.37.36:233][  0]LogPakFile: OnPakFileMounted2Time == 0.000027
[2024.07.07-13.37.36:242][  0]LogPakFile: PakFile PrimaryIndexSize=183
[2024.07.07-13.37.36:242][  0]LogPakFile: PakFile PathHashIndexSize=101
[2024.07.07-13.37.36:243][  0]LogPakFile: PakFile FullDirectoryIndexSize=140
[2024.07.07-13.37.36:243][  0]LogShaderLibrary: Display: ShaderCodeLibraryPakFileMountedCallback: PakFile 'D:/Softwares/Unreal Engine 4.27/UE_4.27/FeaturePacks/TP_Vehicle.upack' (chunk index -1, root 'root:/') mounted
[2024.07.07-13.37.36:243][  0]LogShaderLibrary: Display: ShaderCodeLibraryPakFileMountedCallback: pending pak file info (ChunkID:-1 Root:root:/ File:D:/Softwares/Unreal Engine 4.27/UE_4.27/FeaturePacks/TP_Vehicle.upack)
[2024.07.07-13.37.36:243][  0]LogPakFile: OnPakFileMounted2Time == 0.000031
[2024.07.07-13.37.36:250][  0]LogPakFile: PakFile PrimaryIndexSize=186
[2024.07.07-13.37.36:250][  0]LogPakFile: PakFile PathHashIndexSize=101
[2024.07.07-13.37.36:250][  0]LogPakFile: PakFile FullDirectoryIndexSize=146
[2024.07.07-13.37.36:250][  0]LogShaderLibrary: Display: ShaderCodeLibraryPakFileMountedCallback: PakFile 'D:/Softwares/Unreal Engine 4.27/UE_4.27/FeaturePacks/TP_VehicleAdv.upack' (chunk index -1, root 'root:/') mounted
[2024.07.07-13.37.36:250][  0]LogShaderLibrary: Display: ShaderCodeLibraryPakFileMountedCallback: pending pak file info (ChunkID:-1 Root:root:/ File:D:/Softwares/Unreal Engine 4.27/UE_4.27/FeaturePacks/TP_VehicleAdv.upack)
[2024.07.07-13.37.36:250][  0]LogPakFile: OnPakFileMounted2Time == 0.000028
[2024.07.07-13.37.36:256][  0]LogPakFile: PakFile PrimaryIndexSize=188
[2024.07.07-13.37.36:256][  0]LogPakFile: PakFile PathHashIndexSize=101
[2024.07.07-13.37.36:256][  0]LogPakFile: PakFile FullDirectoryIndexSize=150
[2024.07.07-13.37.36:256][  0]LogShaderLibrary: Display: ShaderCodeLibraryPakFileMountedCallback: PakFile 'D:/Softwares/Unreal Engine 4.27/UE_4.27/FeaturePacks/TP_VehicleAdvBP.upack' (chunk index -1, root 'root:/') mounted
[2024.07.07-13.37.36:256][  0]LogShaderLibrary: Display: ShaderCodeLibraryPakFileMountedCallback: pending pak file info (ChunkID:-1 Root:root:/ File:D:/Softwares/Unreal Engine 4.27/UE_4.27/FeaturePacks/TP_VehicleAdvBP.upack)
[2024.07.07-13.37.36:256][  0]LogPakFile: OnPakFileMounted2Time == 0.000030
[2024.07.07-13.37.36:267][  0]LogPakFile: PakFile PrimaryIndexSize=185
[2024.07.07-13.37.36:267][  0]LogPakFile: PakFile PathHashIndexSize=101
[2024.07.07-13.37.36:267][  0]LogPakFile: PakFile FullDirectoryIndexSize=144
[2024.07.07-13.37.36:267][  0]LogShaderLibrary: Display: ShaderCodeLibraryPakFileMountedCallback: PakFile 'D:/Softwares/Unreal Engine 4.27/UE_4.27/FeaturePacks/TP_VehicleBP.upack' (chunk index -1, root 'root:/') mounted
[2024.07.07-13.37.36:267][  0]LogShaderLibrary: Display: ShaderCodeLibraryPakFileMountedCallback: pending pak file info (ChunkID:-1 Root:root:/ File:D:/Softwares/Unreal Engine 4.27/UE_4.27/FeaturePacks/TP_VehicleBP.upack)
[2024.07.07-13.37.36:267][  0]LogPakFile: OnPakFileMounted2Time == 0.000030
[2024.07.07-13.37.36:275][  0]LogPakFile: PakFile PrimaryIndexSize=192
[2024.07.07-13.37.36:275][  0]LogPakFile: PakFile PathHashIndexSize=101
[2024.07.07-13.37.36:275][  0]LogPakFile: PakFile FullDirectoryIndexSize=158
[2024.07.07-13.37.36:275][  0]LogShaderLibrary: Display: ShaderCodeLibraryPakFileMountedCallback: PakFile 'D:/Softwares/Unreal Engine 4.27/UE_4.27/FeaturePacks/TP_VirtualRealityBP.upack' (chunk index -1, root 'root:/') mounted
[2024.07.07-13.37.36:275][  0]LogShaderLibrary: Display: ShaderCodeLibraryPakFileMountedCallback: pending pak file info (ChunkID:-1 Root:root:/ File:D:/Softwares/Unreal Engine 4.27/UE_4.27/FeaturePacks/TP_VirtualRealityBP.upack)
[2024.07.07-13.37.36:275][  0]LogPakFile: OnPakFileMounted2Time == 0.000028
[2024.07.07-13.37.36:573][  0]LogNativeClassHierarchy: Verbose: Native class hierarchy updated for 'AddContentDialog' in 0.0002 seconds. Added 0 classes and 0 folders.
[2024.07.07-13.37.36:574][  0]LogNativeClassHierarchy: Verbose: Native class hierarchy updated for 'SceneOutliner' in 0.0002 seconds. Added 2 classes and 0 folders.
[2024.07.07-13.37.36:606][  0]LogSlate: Took 0.008484 seconds to synchronously load lazily loaded font '../../../Engine/Content/Editor/Slate/Fonts/FontAwesome.ttf' (139K)
[2024.07.07-13.37.36:612][  0]LogSlate: Took 0.006518 seconds to synchronously load lazily loaded font '../../../Engine/Content/Slate/Fonts/Roboto-Bold.ttf' (160K)
[2024.07.07-13.37.36:695][  0]LogRenderer: Reallocating scene render targets to support 748x416 Format 10 NumSamples 1 (Frame:1).
[2024.07.07-13.37.36:800][  0]LogNativeClassHierarchy: Verbose: Native class hierarchy updated for 'HierarchicalLODOutliner' in 0.0002 seconds. Added 0 classes and 0 folders.
[2024.07.07-13.37.36:800][  0]LogInput: Warning: Action SetDestination uses invalid key OculusGo_Left_Trigger_Click.
[2024.07.07-13.37.36:800][  0]LogInput: Warning: Action ResetVR uses invalid key OculusGo_Left_Back_Click.
[2024.07.07-13.37.36:800][  0]LogInput: Warning: Use -RemoveInvalidKeys to remove instances of these keys from the action mapping.
[2024.07.07-13.37.36:800][  0]LogLoad: (Engine Initialization) Total time: 614.83 seconds
[2024.07.07-13.37.36:800][  0]LogLoad: (Engine Initialization) Total Blueprint compile time: 0.00 seconds
[2024.07.07-13.37.36:847][  0]LogAssetRegistry: Asset discovery search completed in 604.3657 seconds
[2024.07.07-13.37.36:874][  0]LogCollectionManager: Fixed up redirectors for 0 collections in 0.000003 seconds (updated 0 objects)
[2024.07.07-13.37.36:880][  0]LogContentStreaming: Texture pool size now 1000 MB
[2024.07.07-13.37.36:950][  3]LogSlate: Took 0.006573 seconds to synchronously load lazily loaded font '../../../Engine/Content/Slate/Fonts/Roboto-Light.ttf' (167K)
[2024.07.07-13.37.37:822][ 55]LogSlate: Took 0.000139 seconds to synchronously load lazily loaded font '../../../Engine/Content/Slate/Fonts/Roboto-Light.ttf' (167K)
[2024.07.07-13.37.39:778][169]LogTemp: Repeating last play command: Selected Viewport
[2024.07.07-13.37.39:784][169]LogPlayLevel: PlayLevel: No blueprints needed recompiling
[2024.07.07-13.37.39:784][169]BlueprintLog: Warning: Blueprint failed to compile:  TopDownArmy
[2024.07.07-13.37.39:785][169]LogCustomDialog: Dialog displayed:
